<?xml version="1.0" encoding="UTF-8"?>
<testsuites>
  <testsuite name="geom_km" timestamp="2024-12-20T10:31:07Z" hostname="76ba03fee693" tests="6" skipped="0" failures="0" errors="0" time="0.527">
    <testcase time="0.0189999999999999" classname="geom_km" name="geom_km_works_as_expected"/>
    <testcase time="0.022" classname="geom_km" name="geom_km_works_as_expected"/>
    <testcase time="0.0449999999999999" classname="geom_km" name="geom_km_works_as_expected"/>
    <testcase time="0.00100000000000011" classname="geom_km" name="geom_km_works_as_expected"/>
    <testcase time="0.271" classname="geom_km" name="geom_km_looks_as_expected_for_a_single_group"/>
    <testcase time="0.169" classname="geom_km" name="geom_km_looks_as_expected_for_two_groups"/>
  </testsuite>
  <testsuite name="geom_km_ticks" timestamp="2024-12-20T10:31:07Z" hostname="76ba03fee693" tests="6" skipped="0" failures="0" errors="0" time="0.319">
    <testcase time="0.0189999999999999" classname="geom_km_ticks" name="geom_km_ticks_works_as_expected"/>
    <testcase time="0.00100000000000011" classname="geom_km_ticks" name="geom_km_ticks_works_as_expected"/>
    <testcase time="0.026" classname="geom_km_ticks" name="geom_km_ticks_works_as_expected"/>
    <testcase time="0.00099999999999989" classname="geom_km_ticks" name="geom_km_ticks_works_as_expected"/>
    <testcase time="0.0770000000000002" classname="geom_km_ticks" name="geom_km_ticks_looks_as_expected_for_a_single_group"/>
    <testcase time="0.195" classname="geom_km_ticks" name="geom_km_ticks_looks_as_expected_for_two_groups"/>
  </testsuite>
  <testsuite name="geom_table" timestamp="2024-12-20T10:31:08Z" hostname="76ba03fee693" tests="4" skipped="0" failures="0" errors="0" time="0.059">
    <testcase time="0.044" classname="geom_table" name="geom_table_works_as_expected"/>
    <testcase time="0.00099999999999989" classname="geom_table" name="geom_table_works_as_expected"/>
    <testcase time="0.0129999999999999" classname="geom_table" name="geom_table_npc_works_as_expected"/>
    <testcase time="0.00099999999999989" classname="geom_table" name="geom_table_npc_works_as_expected"/>
  </testsuite>
  <testsuite name="stat_km" timestamp="2024-12-20T10:31:08Z" hostname="76ba03fee693" tests="4" skipped="0" failures="0" errors="0" time="0.03">
    <testcase time="0.00900000000000034" classname="stat_km" name="stat_km_works_as_expected"/>
    <testcase time="0.00099999999999989" classname="stat_km" name="stat_km_works_as_expected"/>
    <testcase time="0.0189999999999997" classname="stat_km" name="stat_km_works_as_expected"/>
    <testcase time="0.00100000000000033" classname="stat_km" name="stat_km_works_as_expected"/>
  </testsuite>
  <testsuite name="stat_km_compute" timestamp="2024-12-20T10:31:08Z" hostname="76ba03fee693" tests="18" skipped="0" failures="0" errors="0" time="0.124">
    <testcase time="0.00800000000000001" classname="stat_km_compute" name="h_surv_fit_works_as_expected"/>
    <testcase time="0.00199999999999978" classname="stat_km_compute" name="h_surv_fit_works_as_expected"/>
    <testcase time="0.00099999999999989" classname="stat_km_compute" name="h_surv_fit_works_as_expected"/>
    <testcase time="0.00100000000000033" classname="stat_km_compute" name="h_surv_fit_works_as_expected"/>
    <testcase time="0.00099999999999989" classname="stat_km_compute" name="h_surv_fit_works_as_expected"/>
    <testcase time="0.00199999999999978" classname="stat_km_compute" name="h_surv_fit_works_as_expected"/>
    <testcase time="0.02" classname="stat_km_compute" name="h_surv_fit_works_as_expected"/>
    <testcase time="0.00600000000000023" classname="stat_km_compute" name="h_surv_fit_also_works_when_there_is_only_a_single_observation"/>
    <testcase time="0.00199999999999978" classname="stat_km_compute" name="h_surv_fit_also_works_when_there_is_only_a_single_observation"/>
    <testcase time="0.00300000000000011" classname="stat_km_compute" name="h_surv_fit_also_works_when_there_is_only_a_single_observation"/>
    <testcase time="0.00499999999999989" classname="stat_km_compute" name="stat_km_compute_works_as_expected"/>
    <testcase time="0.00100000000000033" classname="stat_km_compute" name="stat_km_compute_works_as_expected"/>
    <testcase time="0.00099999999999989" classname="stat_km_compute" name="stat_km_compute_works_as_expected"/>
    <testcase time="0.0339999999999998" classname="stat_km_compute" name="stat_km_compute_works_as_expected"/>
    <testcase time="0.00600000000000023" classname="stat_km_compute" name="stat_km_ticks_compute_works_as_expected"/>
    <testcase time="0.00099999999999989" classname="stat_km_compute" name="stat_km_ticks_compute_works_as_expected"/>
    <testcase time="0.00099999999999989" classname="stat_km_compute" name="stat_km_ticks_compute_works_as_expected"/>
    <testcase time="0.0289999999999999" classname="stat_km_compute" name="stat_km_ticks_compute_works_as_expected"/>
  </testsuite>
  <testsuite name="stat_km_ticks" timestamp="2024-12-20T10:31:08Z" hostname="76ba03fee693" tests="4" skipped="0" failures="0" errors="0" time="0.031">
    <testcase time="0.00900000000000034" classname="stat_km_ticks" name="stat_km_ticks_works_as_expected"/>
    <testcase time="0.00099999999999989" classname="stat_km_ticks" name="stat_km_ticks_works_as_expected"/>
    <testcase time="0.02" classname="stat_km_ticks" name="stat_km_ticks_works_as_expected"/>
    <testcase time="0.00099999999999989" classname="stat_km_ticks" name="stat_km_ticks_works_as_expected"/>
  </testsuite>
  <testsuite name="stat_n_text" timestamp="2024-12-20T10:31:08Z" hostname="76ba03fee693" tests="2" skipped="0" failures="0" errors="0" time="0.012">
    <testcase time="0.0110000000000001" classname="stat_n_text" name="stat_n_text_works_as_expected"/>
    <testcase time="0.00099999999999989" classname="stat_n_text" name="stat_n_text_works_as_expected"/>
  </testsuite>
  <testsuite name="stat_prop" timestamp="2024-12-20T10:31:08Z" hostname="76ba03fee693" tests="2" skipped="0" failures="0" errors="0" time="0.013">
    <testcase time="0.012" classname="stat_prop" name="stat_prop_works_as_expected"/>
    <testcase time="0.00099999999999989" classname="stat_prop" name="stat_prop_works_as_expected"/>
  </testsuite>
  <testsuite name="table_themes" timestamp="2024-12-20T10:31:08Z" hostname="76ba03fee693" tests="1" skipped="0" failures="0" errors="0" time="0.126">
    <testcase time="0.126" classname="table_themes" name="ttheme_set_works_as_expected_but_is_not_baked_into_objects"/>
  </testsuite>
  <testsuite name="ttheme_set" timestamp="2024-12-20T10:31:08Z" hostname="76ba03fee693" tests="8" skipped="0" failures="0" errors="0" time="0.971">
    <testcase time="0.158" classname="ttheme_set" name="table_themes_can_be_used_and_work"/>
    <testcase time="0.116" classname="ttheme_set" name="table_themes_can_be_used_and_work"/>
    <testcase time="0.114" classname="ttheme_set" name="table_themes_can_be_used_and_work"/>
    <testcase time="0.126" classname="ttheme_set" name="table_themes_can_be_used_and_work"/>
    <testcase time="0.111" classname="ttheme_set" name="table_themes_can_be_used_and_work"/>
    <testcase time="0.118" classname="ttheme_set" name="table_themes_can_be_used_and_work"/>
    <testcase time="0.116" classname="ttheme_set" name="table_themes_can_be_used_and_work"/>
    <testcase time="0.112" classname="ttheme_set" name="table_themes_can_be_used_and_work"/>
  </testsuite>
</testsuites>
