<?xml version="1.0" encoding="UTF-8"?>
<testsuites>
  <testsuite name="geom_table" timestamp="2023-05-07T19:29:47Z" hostname="7fd4e42ecd28" tests="4" skipped="0" failures="0" errors="0" time="0.135">
    <testcase time="0.0820000000000001" classname="geom_table" name="geom_table_works_as_expected"/>
    <testcase time="0.0209999999999999" classname="geom_table" name="geom_table_works_as_expected"/>
    <testcase time="0.0309999999999999" classname="geom_table" name="geom_table_npc_works_as_expected"/>
    <testcase time="0.00100000000000011" classname="geom_table" name="geom_table_npc_works_as_expected"/>
  </testsuite>
  <testsuite name="stat_n_text" timestamp="2023-05-07T19:29:48Z" hostname="7fd4e42ecd28" tests="2" skipped="0" failures="0" errors="0" time="0.02">
    <testcase time="0.0189999999999999" classname="stat_n_text" name="stat_n_text_works_as_expected"/>
    <testcase time="0.00100000000000011" classname="stat_n_text" name="stat_n_text_works_as_expected"/>
  </testsuite>
  <testsuite name="stat_prop" timestamp="2023-05-07T19:29:48Z" hostname="7fd4e42ecd28" tests="2" skipped="0" failures="0" errors="0" time="0.036">
    <testcase time="0.0349999999999999" classname="stat_prop" name="stat_prop_works_as_expected"/>
    <testcase time="0.00100000000000011" classname="stat_prop" name="stat_prop_works_as_expected"/>
  </testsuite>
  <testsuite name="table_themes" timestamp="2023-05-07T19:29:48Z" hostname="7fd4e42ecd28" tests="1" skipped="0" failures="0" errors="0" time="0.073">
    <testcase time="0.073" classname="table_themes" name="ttheme_set_works_as_expected_but_is_not_baked_into_objects"/>
  </testsuite>
  <testsuite name="ttheme_set" timestamp="2023-05-07T19:29:48Z" hostname="7fd4e42ecd28" tests="1" skipped="1" failures="0" errors="0" time="1.993">
    <testcase time="1.993" classname="ttheme_set" name="table_themes_can_be_used_and_work">
      <skipped message="Reason: empty test ('test-ttheme_set.R:15:1')"/>
    </testcase>
  </testsuite>
</testsuites>
