<?xml version="1.0" encoding="UTF-8"?>
<testsuites>
  <testsuite name="geom_km" timestamp="2023-06-20T18:37:41Z" hostname="cf81aa0fc4eb" tests="6" skipped="2" failures="0" errors="0" time="0.628">
    <testcase time="0.024" classname="geom_km" name="geom_km_works_as_expected"/>
    <testcase time="0.0169999999999999" classname="geom_km" name="geom_km_works_as_expected"/>
    <testcase time="0.097" classname="geom_km" name="geom_km_works_as_expected"/>
    <testcase time="0.00100000000000011" classname="geom_km" name="geom_km_works_as_expected"/>
    <testcase time="0.249" classname="geom_km" name="geom_km_looks_as_expected_for_a_single_group">
      <skipped message="Reason: On CRAN ('test-geom_km.R:22:3')"/>
    </testcase>
    <testcase time="0.24" classname="geom_km" name="geom_km_looks_as_expected_for_two_groups">
      <skipped message="Reason: On CRAN ('test-geom_km.R:28:3')"/>
    </testcase>
  </testsuite>
  <testsuite name="geom_km_ticks" timestamp="2023-06-20T18:37:42Z" hostname="cf81aa0fc4eb" tests="6" skipped="2" failures="0" errors="0" time="0.303">
    <testcase time="0.0549999999999997" classname="geom_km_ticks" name="geom_km_ticks_works_as_expected"/>
    <testcase time="0.00100000000000033" classname="geom_km_ticks" name="geom_km_ticks_works_as_expected"/>
    <testcase time="0.0249999999999999" classname="geom_km_ticks" name="geom_km_ticks_works_as_expected"/>
    <testcase time="0.00099999999999989" classname="geom_km_ticks" name="geom_km_ticks_works_as_expected"/>
    <testcase time="0.085" classname="geom_km_ticks" name="geom_km_ticks_looks_as_expected_for_a_single_group">
      <skipped message="Reason: On CRAN ('test-geom_km_ticks.R:23:3')"/>
    </testcase>
    <testcase time="0.136" classname="geom_km_ticks" name="geom_km_ticks_looks_as_expected_for_two_groups">
      <skipped message="Reason: On CRAN ('test-geom_km_ticks.R:29:3')"/>
    </testcase>
  </testsuite>
  <testsuite name="geom_table" timestamp="2023-06-20T18:37:42Z" hostname="cf81aa0fc4eb" tests="4" skipped="0" failures="0" errors="0" time="0.109">
    <testcase time="0.0840000000000001" classname="geom_table" name="geom_table_works_as_expected"/>
    <testcase time="0.00099999999999989" classname="geom_table" name="geom_table_works_as_expected"/>
    <testcase time="0.0230000000000001" classname="geom_table" name="geom_table_npc_works_as_expected"/>
    <testcase time="0.00099999999999989" classname="geom_table" name="geom_table_npc_works_as_expected"/>
  </testsuite>
  <testsuite name="stat_km" timestamp="2023-06-20T18:37:42Z" hostname="cf81aa0fc4eb" tests="4" skipped="0" failures="0" errors="0" time="0.031">
    <testcase time="0.00999999999999979" classname="stat_km" name="stat_km_works_as_expected"/>
    <testcase time="0.00100000000000033" classname="stat_km" name="stat_km_works_as_expected"/>
    <testcase time="0.0179999999999998" classname="stat_km" name="stat_km_works_as_expected"/>
    <testcase time="0.00200000000000022" classname="stat_km" name="stat_km_works_as_expected"/>
  </testsuite>
  <testsuite name="stat_km_compute" timestamp="2023-06-20T18:37:42Z" hostname="cf81aa0fc4eb" tests="18" skipped="3" failures="0" errors="0" time="0.088">
    <testcase time="0.0089999999999999" classname="stat_km_compute" name="h_surv_fit_works_as_expected"/>
    <testcase time="0.00099999999999989" classname="stat_km_compute" name="h_surv_fit_works_as_expected"/>
    <testcase time="0.00099999999999989" classname="stat_km_compute" name="h_surv_fit_works_as_expected"/>
    <testcase time="0.00100000000000033" classname="stat_km_compute" name="h_surv_fit_works_as_expected"/>
    <testcase time="0.00099999999999989" classname="stat_km_compute" name="h_surv_fit_works_as_expected"/>
    <testcase time="0.00999999999999979" classname="stat_km_compute" name="h_surv_fit_works_as_expected"/>
    <testcase time="0.00200000000000022" classname="stat_km_compute" name="h_surv_fit_works_as_expected">
      <skipped message="Reason: On CRAN ('test-stat_km_compute.R:10:3')"/>
    </testcase>
    <testcase time="0.0139999999999998" classname="stat_km_compute" name="h_surv_fit_also_works_when_there_is_only_a_single_observation"/>
    <testcase time="0.004" classname="stat_km_compute" name="h_surv_fit_also_works_when_there_is_only_a_single_observation"/>
    <testcase time="0.00300000000000011" classname="stat_km_compute" name="h_surv_fit_also_works_when_there_is_only_a_single_observation"/>
    <testcase time="0.00599999999999978" classname="stat_km_compute" name="stat_km_compute_works_as_expected"/>
    <testcase time="0.00100000000000033" classname="stat_km_compute" name="stat_km_compute_works_as_expected"/>
    <testcase time="0.00099999999999989" classname="stat_km_compute" name="stat_km_compute_works_as_expected"/>
    <testcase time="0.00199999999999978" classname="stat_km_compute" name="stat_km_compute_works_as_expected">
      <skipped message="Reason: On CRAN ('test-stat_km_compute.R:29:3')"/>
    </testcase>
    <testcase time="0.0220000000000002" classname="stat_km_compute" name="stat_km_ticks_compute_works_as_expected"/>
    <testcase time="0.00099999999999989" classname="stat_km_compute" name="stat_km_ticks_compute_works_as_expected"/>
    <testcase time="0.00800000000000001" classname="stat_km_compute" name="stat_km_ticks_compute_works_as_expected"/>
    <testcase time="0.00099999999999989" classname="stat_km_compute" name="stat_km_ticks_compute_works_as_expected">
      <skipped message="Reason: On CRAN ('test-stat_km_compute.R:38:3')"/>
    </testcase>
  </testsuite>
  <testsuite name="stat_km_ticks" timestamp="2023-06-20T18:37:42Z" hostname="cf81aa0fc4eb" tests="4" skipped="0" failures="0" errors="0" time="0.04">
    <testcase time="0.0180000000000002" classname="stat_km_ticks" name="stat_km_ticks_works_as_expected"/>
    <testcase time="0.00099999999999989" classname="stat_km_ticks" name="stat_km_ticks_works_as_expected"/>
    <testcase time="0.02" classname="stat_km_ticks" name="stat_km_ticks_works_as_expected"/>
    <testcase time="0.00099999999999989" classname="stat_km_ticks" name="stat_km_ticks_works_as_expected"/>
  </testsuite>
  <testsuite name="stat_n_text" timestamp="2023-06-20T18:37:42Z" hostname="cf81aa0fc4eb" tests="2" skipped="0" failures="0" errors="0" time="0.014">
    <testcase time="0.0130000000000003" classname="stat_n_text" name="stat_n_text_works_as_expected"/>
    <testcase time="0.00099999999999989" classname="stat_n_text" name="stat_n_text_works_as_expected"/>
  </testsuite>
  <testsuite name="stat_prop" timestamp="2023-06-20T18:37:42Z" hostname="cf81aa0fc4eb" tests="2" skipped="0" failures="0" errors="0" time="0.017">
    <testcase time="0.016" classname="stat_prop" name="stat_prop_works_as_expected"/>
    <testcase time="0.00099999999999989" classname="stat_prop" name="stat_prop_works_as_expected"/>
  </testsuite>
  <testsuite name="table_themes" timestamp="2023-06-20T18:37:42Z" hostname="cf81aa0fc4eb" tests="1" skipped="0" failures="0" errors="0" time="0.128">
    <testcase time="0.128" classname="table_themes" name="ttheme_set_works_as_expected_but_is_not_baked_into_objects"/>
  </testsuite>
  <testsuite name="ttheme_set" timestamp="2023-06-20T18:37:42Z" hostname="cf81aa0fc4eb" tests="8" skipped="0" failures="0" errors="0" time="1.445">
    <testcase time="0.227" classname="ttheme_set" name="table_themes_can_be_used_and_work"/>
    <testcase time="0.174" classname="ttheme_set" name="table_themes_can_be_used_and_work"/>
    <testcase time="0.188" classname="ttheme_set" name="table_themes_can_be_used_and_work"/>
    <testcase time="0.168" classname="ttheme_set" name="table_themes_can_be_used_and_work"/>
    <testcase time="0.173" classname="ttheme_set" name="table_themes_can_be_used_and_work"/>
    <testcase time="0.173999999999999" classname="ttheme_set" name="table_themes_can_be_used_and_work"/>
    <testcase time="0.167000000000001" classname="ttheme_set" name="table_themes_can_be_used_and_work"/>
    <testcase time="0.173999999999999" classname="ttheme_set" name="table_themes_can_be_used_and_work"/>
  </testsuite>
</testsuites>
