<?xml version="1.0" encoding="UTF-8"?>
<testsuites>
  <testsuite name="geom_table" timestamp="2023-02-10T16:46:17Z" hostname="f9d8464f081c" tests="4" skipped="0" failures="0" errors="0" time="0.125">
    <testcase time="0.0710000000000001" classname="geom_table" name="geom_table_works_as_expected"/>
    <testcase time="0.0269999999999999" classname="geom_table" name="geom_table_works_as_expected"/>
    <testcase time="0.026" classname="geom_table" name="geom_table_npc_works_as_expected"/>
    <testcase time="0.00100000000000011" classname="geom_table" name="geom_table_npc_works_as_expected"/>
  </testsuite>
  <testsuite name="stat_n_text" timestamp="2023-02-10T16:46:17Z" hostname="f9d8464f081c" tests="2" skipped="0" failures="0" errors="0" time="0.025">
    <testcase time="0.0229999999999999" classname="stat_n_text" name="stat_n_text_works_as_expected"/>
    <testcase time="0.002" classname="stat_n_text" name="stat_n_text_works_as_expected"/>
  </testsuite>
  <testsuite name="stat_prop" timestamp="2023-02-10T16:46:17Z" hostname="f9d8464f081c" tests="2" skipped="0" failures="0" errors="0" time="0.027">
    <testcase time="0.026" classname="stat_prop" name="stat_prop_works_as_expected"/>
    <testcase time="0.00099999999999989" classname="stat_prop" name="stat_prop_works_as_expected"/>
  </testsuite>
  <testsuite name="table_themes" timestamp="2023-02-10T16:46:17Z" hostname="f9d8464f081c" tests="1" skipped="0" failures="0" errors="0" time="0.067">
    <testcase time="0.0670000000000002" classname="table_themes" name="ttheme_set_works_as_expected_but_is_not_baked_into_objects"/>
  </testsuite>
  <testsuite name="ttheme_set" timestamp="2023-02-10T16:46:17Z" hostname="f9d8464f081c" tests="1" skipped="1" failures="0" errors="0" time="1.807">
    <testcase time="1.807" classname="ttheme_set" name="table_themes_can_be_used_and_work">
      <skipped message="Reason: empty test ('test-ttheme_set.R:15')"/>
    </testcase>
  </testsuite>
  <testsuite name="test" timestamp="2023-02-10T16:46:19Z" hostname="f9d8464f081c" tests="1" skipped="0" failures="0" errors="0" time="0.031">
    <testcase time="0.0310000000000001" classname="test" name="loading_ggplot2.utils_works"/>
  </testsuite>
</testsuites>
