<?xml version="1.0" encoding="UTF-8"?>
<testsuites>
  <testsuite name="geom_km" timestamp="2023-12-11T14:19:02Z" hostname="defee1dfa10a" tests="6" skipped="2" failures="0" errors="0" time="0.573">
    <testcase time="0.0189999999999999" classname="geom_km" name="geom_km_works_as_expected"/>
    <testcase time="0.0210000000000001" classname="geom_km" name="geom_km_works_as_expected"/>
    <testcase time="0.089" classname="geom_km" name="geom_km_works_as_expected"/>
    <testcase time="0.00099999999999989" classname="geom_km" name="geom_km_works_as_expected"/>
    <testcase time="0.233" classname="geom_km" name="geom_km_looks_as_expected_for_a_single_group">
      <skipped message="Reason: On CRAN ('test-geom_km.R:22:3')"/>
    </testcase>
    <testcase time="0.21" classname="geom_km" name="geom_km_looks_as_expected_for_two_groups">
      <skipped message="Reason: On CRAN ('test-geom_km.R:28:3')"/>
    </testcase>
  </testsuite>
  <testsuite name="geom_km_ticks" timestamp="2023-12-11T14:19:03Z" hostname="defee1dfa10a" tests="6" skipped="2" failures="0" errors="0" time="0.262">
    <testcase time="0.052" classname="geom_km_ticks" name="geom_km_ticks_works_as_expected"/>
    <testcase time="0.00199999999999978" classname="geom_km_ticks" name="geom_km_ticks_works_as_expected"/>
    <testcase time="0.0169999999999999" classname="geom_km_ticks" name="geom_km_ticks_works_as_expected"/>
    <testcase time="0.00100000000000033" classname="geom_km_ticks" name="geom_km_ticks_works_as_expected"/>
    <testcase time="0.0720000000000001" classname="geom_km_ticks" name="geom_km_ticks_looks_as_expected_for_a_single_group">
      <skipped message="Reason: On CRAN ('test-geom_km_ticks.R:23:3')"/>
    </testcase>
    <testcase time="0.118" classname="geom_km_ticks" name="geom_km_ticks_looks_as_expected_for_two_groups">
      <skipped message="Reason: On CRAN ('test-geom_km_ticks.R:29:3')"/>
    </testcase>
  </testsuite>
  <testsuite name="geom_table" timestamp="2023-12-11T14:19:03Z" hostname="defee1dfa10a" tests="4" skipped="0" failures="0" errors="0" time="0.076">
    <testcase time="0.0609999999999999" classname="geom_table" name="geom_table_works_as_expected"/>
    <testcase time="0.00099999999999989" classname="geom_table" name="geom_table_works_as_expected"/>
    <testcase time="0.0129999999999999" classname="geom_table" name="geom_table_npc_works_as_expected"/>
    <testcase time="0.00100000000000033" classname="geom_table" name="geom_table_npc_works_as_expected"/>
  </testsuite>
  <testsuite name="stat_km" timestamp="2023-12-11T14:19:03Z" hostname="defee1dfa10a" tests="4" skipped="0" failures="0" errors="0" time="0.028">
    <testcase time="0.00999999999999979" classname="stat_km" name="stat_km_works_as_expected"/>
    <testcase time="0.00099999999999989" classname="stat_km" name="stat_km_works_as_expected"/>
    <testcase time="0.016" classname="stat_km" name="stat_km_works_as_expected"/>
    <testcase time="0.00100000000000033" classname="stat_km" name="stat_km_works_as_expected"/>
  </testsuite>
  <testsuite name="stat_km_compute" timestamp="2023-12-11T14:19:03Z" hostname="defee1dfa10a" tests="18" skipped="3" failures="0" errors="0" time="0.081">
    <testcase time="0.0089999999999999" classname="stat_km_compute" name="h_surv_fit_works_as_expected"/>
    <testcase time="0.00099999999999989" classname="stat_km_compute" name="h_surv_fit_works_as_expected"/>
    <testcase time="0.00099999999999989" classname="stat_km_compute" name="h_surv_fit_works_as_expected"/>
    <testcase time="0.00100000000000033" classname="stat_km_compute" name="h_surv_fit_works_as_expected"/>
    <testcase time="0.00099999999999989" classname="stat_km_compute" name="h_surv_fit_works_as_expected"/>
    <testcase time="0.004" classname="stat_km_compute" name="h_surv_fit_works_as_expected"/>
    <testcase time="0.00499999999999989" classname="stat_km_compute" name="h_surv_fit_works_as_expected">
      <skipped message="Reason: On CRAN ('test-stat_km_compute.R:10:3')"/>
    </testcase>
    <testcase time="0.0150000000000001" classname="stat_km_compute" name="h_surv_fit_also_works_when_there_is_only_a_single_observation"/>
    <testcase time="0.00300000000000011" classname="stat_km_compute" name="h_surv_fit_also_works_when_there_is_only_a_single_observation"/>
    <testcase time="0.00299999999999967" classname="stat_km_compute" name="h_surv_fit_also_works_when_there_is_only_a_single_observation"/>
    <testcase time="0.00700000000000012" classname="stat_km_compute" name="stat_km_compute_works_as_expected"/>
    <testcase time="0.00099999999999989" classname="stat_km_compute" name="stat_km_compute_works_as_expected"/>
    <testcase time="0.00099999999999989" classname="stat_km_compute" name="stat_km_compute_works_as_expected"/>
    <testcase time="0.00700000000000012" classname="stat_km_compute" name="stat_km_compute_works_as_expected">
      <skipped message="Reason: On CRAN ('test-stat_km_compute.R:29:3')"/>
    </testcase>
    <testcase time="0.0140000000000002" classname="stat_km_compute" name="stat_km_ticks_compute_works_as_expected"/>
    <testcase time="0.00099999999999989" classname="stat_km_compute" name="stat_km_ticks_compute_works_as_expected"/>
    <testcase time="0.00099999999999989" classname="stat_km_compute" name="stat_km_ticks_compute_works_as_expected"/>
    <testcase time="0.00600000000000023" classname="stat_km_compute" name="stat_km_ticks_compute_works_as_expected">
      <skipped message="Reason: On CRAN ('test-stat_km_compute.R:38:3')"/>
    </testcase>
  </testsuite>
  <testsuite name="stat_km_ticks" timestamp="2023-12-11T14:19:03Z" hostname="defee1dfa10a" tests="4" skipped="0" failures="0" errors="0" time="0.037">
    <testcase time="0.0190000000000001" classname="stat_km_ticks" name="stat_km_ticks_works_as_expected"/>
    <testcase time="0.00099999999999989" classname="stat_km_ticks" name="stat_km_ticks_works_as_expected"/>
    <testcase time="0.016" classname="stat_km_ticks" name="stat_km_ticks_works_as_expected"/>
    <testcase time="0.00099999999999989" classname="stat_km_ticks" name="stat_km_ticks_works_as_expected"/>
  </testsuite>
  <testsuite name="stat_n_text" timestamp="2023-12-11T14:19:03Z" hostname="defee1dfa10a" tests="2" skipped="0" failures="0" errors="0" time="0.013">
    <testcase time="0.012" classname="stat_n_text" name="stat_n_text_works_as_expected"/>
    <testcase time="0.00099999999999989" classname="stat_n_text" name="stat_n_text_works_as_expected"/>
  </testsuite>
  <testsuite name="stat_prop" timestamp="2023-12-11T14:19:03Z" hostname="defee1dfa10a" tests="2" skipped="0" failures="0" errors="0" time="0.015">
    <testcase time="0.0140000000000002" classname="stat_prop" name="stat_prop_works_as_expected"/>
    <testcase time="0.00099999999999989" classname="stat_prop" name="stat_prop_works_as_expected"/>
  </testsuite>
  <testsuite name="table_themes" timestamp="2023-12-11T14:19:03Z" hostname="defee1dfa10a" tests="1" skipped="0" failures="0" errors="0" time="0.105">
    <testcase time="0.105" classname="table_themes" name="ttheme_set_works_as_expected_but_is_not_baked_into_objects"/>
  </testsuite>
  <testsuite name="ttheme_set" timestamp="2023-12-11T14:19:03Z" hostname="defee1dfa10a" tests="8" skipped="0" failures="0" errors="0" time="1.204">
    <testcase time="0.193" classname="ttheme_set" name="table_themes_can_be_used_and_work"/>
    <testcase time="0.139" classname="ttheme_set" name="table_themes_can_be_used_and_work"/>
    <testcase time="0.158" classname="ttheme_set" name="table_themes_can_be_used_and_work"/>
    <testcase time="0.139" classname="ttheme_set" name="table_themes_can_be_used_and_work"/>
    <testcase time="0.144" classname="ttheme_set" name="table_themes_can_be_used_and_work"/>
    <testcase time="0.143" classname="ttheme_set" name="table_themes_can_be_used_and_work"/>
    <testcase time="0.141" classname="ttheme_set" name="table_themes_can_be_used_and_work"/>
    <testcase time="0.147" classname="ttheme_set" name="table_themes_can_be_used_and_work"/>
  </testsuite>
</testsuites>
