<?xml version="1.0" encoding="UTF-8"?>
<testsuites>
  <testsuite name="geom_table" timestamp="2023-05-04T19:46:47Z" hostname="1c8d29502086" tests="4" skipped="0" failures="0" errors="0" time="0.148">
    <testcase time="0.0880000000000001" classname="geom_table" name="geom_table_works_as_expected"/>
    <testcase time="0.0229999999999999" classname="geom_table" name="geom_table_works_as_expected"/>
    <testcase time="0.0349999999999999" classname="geom_table" name="geom_table_npc_works_as_expected"/>
    <testcase time="0.002" classname="geom_table" name="geom_table_npc_works_as_expected"/>
  </testsuite>
  <testsuite name="stat_n_text" timestamp="2023-05-04T19:46:47Z" hostname="1c8d29502086" tests="2" skipped="0" failures="0" errors="0" time="0.025">
    <testcase time="0.024" classname="stat_n_text" name="stat_n_text_works_as_expected"/>
    <testcase time="0.00100000000000011" classname="stat_n_text" name="stat_n_text_works_as_expected"/>
  </testsuite>
  <testsuite name="stat_prop" timestamp="2023-05-04T19:46:47Z" hostname="1c8d29502086" tests="2" skipped="0" failures="0" errors="0" time="0.037">
    <testcase time="0.036" classname="stat_prop" name="stat_prop_works_as_expected"/>
    <testcase time="0.00099999999999989" classname="stat_prop" name="stat_prop_works_as_expected"/>
  </testsuite>
  <testsuite name="table_themes" timestamp="2023-05-04T19:46:47Z" hostname="1c8d29502086" tests="1" skipped="0" failures="0" errors="0" time="0.08">
    <testcase time="0.0800000000000001" classname="table_themes" name="ttheme_set_works_as_expected_but_is_not_baked_into_objects"/>
  </testsuite>
  <testsuite name="ttheme_set" timestamp="2023-05-04T19:46:47Z" hostname="1c8d29502086" tests="1" skipped="1" failures="0" errors="0" time="2.133">
    <testcase time="2.133" classname="ttheme_set" name="table_themes_can_be_used_and_work">
      <skipped message="Reason: empty test ('test-ttheme_set.R:15:1')"/>
    </testcase>
  </testsuite>
</testsuites>
