<?xml version="1.0" encoding="UTF-8"?>
<testsuites>
  <testsuite name="geom_km" timestamp="2024-08-01T15:09:52Z" hostname="1ba9035e5b9c" tests="6" skipped="0" failures="0" errors="0" time="0.58">
    <testcase time="0.02" classname="geom_km" name="geom_km_works_as_expected"/>
    <testcase time="0.0239999999999998" classname="geom_km" name="geom_km_works_as_expected"/>
    <testcase time="0.048" classname="geom_km" name="geom_km_works_as_expected"/>
    <testcase time="0.00100000000000011" classname="geom_km" name="geom_km_works_as_expected"/>
    <testcase time="0.306" classname="geom_km" name="geom_km_looks_as_expected_for_a_single_group"/>
    <testcase time="0.181" classname="geom_km" name="geom_km_looks_as_expected_for_two_groups"/>
  </testsuite>
  <testsuite name="geom_km_ticks" timestamp="2024-08-01T15:09:53Z" hostname="1ba9035e5b9c" tests="6" skipped="0" failures="0" errors="0" time="0.343">
    <testcase time="0.02" classname="geom_km_ticks" name="geom_km_ticks_works_as_expected"/>
    <testcase time="0.002" classname="geom_km_ticks" name="geom_km_ticks_works_as_expected"/>
    <testcase time="0.0270000000000001" classname="geom_km_ticks" name="geom_km_ticks_works_as_expected"/>
    <testcase time="0.00199999999999978" classname="geom_km_ticks" name="geom_km_ticks_works_as_expected"/>
    <testcase time="0.0820000000000003" classname="geom_km_ticks" name="geom_km_ticks_looks_as_expected_for_a_single_group"/>
    <testcase time="0.21" classname="geom_km_ticks" name="geom_km_ticks_looks_as_expected_for_two_groups"/>
  </testsuite>
  <testsuite name="geom_table" timestamp="2024-08-01T15:09:53Z" hostname="1ba9035e5b9c" tests="4" skipped="0" failures="0" errors="0" time="0.066">
    <testcase time="0.0499999999999998" classname="geom_table" name="geom_table_works_as_expected"/>
    <testcase time="0.00099999999999989" classname="geom_table" name="geom_table_works_as_expected"/>
    <testcase time="0.0140000000000002" classname="geom_table" name="geom_table_npc_works_as_expected"/>
    <testcase time="0.00099999999999989" classname="geom_table" name="geom_table_npc_works_as_expected"/>
  </testsuite>
  <testsuite name="stat_km" timestamp="2024-08-01T15:09:53Z" hostname="1ba9035e5b9c" tests="4" skipped="0" failures="0" errors="0" time="0.033">
    <testcase time="0.0100000000000002" classname="stat_km" name="stat_km_works_as_expected"/>
    <testcase time="0.00099999999999989" classname="stat_km" name="stat_km_works_as_expected"/>
    <testcase time="0.0209999999999999" classname="stat_km" name="stat_km_works_as_expected"/>
    <testcase time="0.00099999999999989" classname="stat_km" name="stat_km_works_as_expected"/>
  </testsuite>
  <testsuite name="stat_km_compute" timestamp="2024-08-01T15:09:53Z" hostname="1ba9035e5b9c" tests="18" skipped="0" failures="0" errors="0" time="0.133">
    <testcase time="0.00900000000000034" classname="stat_km_compute" name="h_surv_fit_works_as_expected"/>
    <testcase time="0.00099999999999989" classname="stat_km_compute" name="h_surv_fit_works_as_expected"/>
    <testcase time="0.00199999999999978" classname="stat_km_compute" name="h_surv_fit_works_as_expected"/>
    <testcase time="0.00100000000000033" classname="stat_km_compute" name="h_surv_fit_works_as_expected"/>
    <testcase time="0.00099999999999989" classname="stat_km_compute" name="h_surv_fit_works_as_expected"/>
    <testcase time="0.00300000000000011" classname="stat_km_compute" name="h_surv_fit_works_as_expected"/>
    <testcase time="0.02" classname="stat_km_compute" name="h_surv_fit_works_as_expected"/>
    <testcase time="0.00599999999999978" classname="stat_km_compute" name="h_surv_fit_also_works_when_there_is_only_a_single_observation"/>
    <testcase time="0.00300000000000011" classname="stat_km_compute" name="h_surv_fit_also_works_when_there_is_only_a_single_observation"/>
    <testcase time="0.00199999999999978" classname="stat_km_compute" name="h_surv_fit_also_works_when_there_is_only_a_single_observation"/>
    <testcase time="0.00600000000000023" classname="stat_km_compute" name="stat_km_compute_works_as_expected"/>
    <testcase time="0.00099999999999989" classname="stat_km_compute" name="stat_km_compute_works_as_expected"/>
    <testcase time="0.00099999999999989" classname="stat_km_compute" name="stat_km_compute_works_as_expected"/>
    <testcase time="0.036" classname="stat_km_compute" name="stat_km_compute_works_as_expected"/>
    <testcase time="0.00700000000000012" classname="stat_km_compute" name="stat_km_ticks_compute_works_as_expected"/>
    <testcase time="0.00099999999999989" classname="stat_km_compute" name="stat_km_ticks_compute_works_as_expected"/>
    <testcase time="0.00099999999999989" classname="stat_km_compute" name="stat_km_ticks_compute_works_as_expected"/>
    <testcase time="0.032" classname="stat_km_compute" name="stat_km_ticks_compute_works_as_expected"/>
  </testsuite>
  <testsuite name="stat_km_ticks" timestamp="2024-08-01T15:09:53Z" hostname="1ba9035e5b9c" tests="4" skipped="0" failures="0" errors="0" time="0.036">
    <testcase time="0.0110000000000001" classname="stat_km_ticks" name="stat_km_ticks_works_as_expected"/>
    <testcase time="0.00099999999999989" classname="stat_km_ticks" name="stat_km_ticks_works_as_expected"/>
    <testcase time="0.0220000000000002" classname="stat_km_ticks" name="stat_km_ticks_works_as_expected"/>
    <testcase time="0.00199999999999978" classname="stat_km_ticks" name="stat_km_ticks_works_as_expected"/>
  </testsuite>
  <testsuite name="stat_n_text" timestamp="2024-08-01T15:09:54Z" hostname="1ba9035e5b9c" tests="2" skipped="0" failures="0" errors="0" time="0.013">
    <testcase time="0.012" classname="stat_n_text" name="stat_n_text_works_as_expected"/>
    <testcase time="0.00099999999999989" classname="stat_n_text" name="stat_n_text_works_as_expected"/>
  </testsuite>
  <testsuite name="stat_prop" timestamp="2024-08-01T15:09:54Z" hostname="1ba9035e5b9c" tests="2" skipped="0" failures="0" errors="0" time="0.015">
    <testcase time="0.0140000000000002" classname="stat_prop" name="stat_prop_works_as_expected"/>
    <testcase time="0.00099999999999989" classname="stat_prop" name="stat_prop_works_as_expected"/>
  </testsuite>
  <testsuite name="table_themes" timestamp="2024-08-01T15:09:54Z" hostname="1ba9035e5b9c" tests="1" skipped="0" failures="0" errors="0" time="0.134">
    <testcase time="0.134" classname="table_themes" name="ttheme_set_works_as_expected_but_is_not_baked_into_objects"/>
  </testsuite>
  <testsuite name="ttheme_set" timestamp="2024-08-01T15:09:54Z" hostname="1ba9035e5b9c" tests="8" skipped="0" failures="0" errors="0" time="1.069">
    <testcase time="0.171" classname="ttheme_set" name="table_themes_can_be_used_and_work"/>
    <testcase time="0.128" classname="ttheme_set" name="table_themes_can_be_used_and_work"/>
    <testcase time="0.122" classname="ttheme_set" name="table_themes_can_be_used_and_work"/>
    <testcase time="0.144" classname="ttheme_set" name="table_themes_can_be_used_and_work"/>
    <testcase time="0.122" classname="ttheme_set" name="table_themes_can_be_used_and_work"/>
    <testcase time="0.129" classname="ttheme_set" name="table_themes_can_be_used_and_work"/>
    <testcase time="0.129" classname="ttheme_set" name="table_themes_can_be_used_and_work"/>
    <testcase time="0.124" classname="ttheme_set" name="table_themes_can_be_used_and_work"/>
  </testsuite>
</testsuites>
