<?xml version="1.0" encoding="UTF-8"?>
<testsuites>
  <testsuite name="geom_km" timestamp="2023-06-20T22:03:54Z" hostname="9047d1845552" tests="6" skipped="2" failures="0" errors="0" time="0.968">
    <testcase time="0.0329999999999999" classname="geom_km" name="geom_km_works_as_expected"/>
    <testcase time="0.0289999999999999" classname="geom_km" name="geom_km_works_as_expected"/>
    <testcase time="0.151" classname="geom_km" name="geom_km_works_as_expected"/>
    <testcase time="0.00199999999999978" classname="geom_km" name="geom_km_works_as_expected"/>
    <testcase time="0.403" classname="geom_km" name="geom_km_looks_as_expected_for_a_single_group">
      <skipped message="Reason: On CRAN ('test-geom_km.R:22:3')"/>
    </testcase>
    <testcase time="0.35" classname="geom_km" name="geom_km_looks_as_expected_for_two_groups">
      <skipped message="Reason: On CRAN ('test-geom_km.R:28:3')"/>
    </testcase>
  </testsuite>
  <testsuite name="geom_km_ticks" timestamp="2023-06-20T22:03:55Z" hostname="9047d1845552" tests="6" skipped="2" failures="0" errors="0" time="0.488">
    <testcase time="0.0910000000000002" classname="geom_km_ticks" name="geom_km_ticks_works_as_expected"/>
    <testcase time="0.00099999999999989" classname="geom_km_ticks" name="geom_km_ticks_works_as_expected"/>
    <testcase time="0.0299999999999998" classname="geom_km_ticks" name="geom_km_ticks_works_as_expected"/>
    <testcase time="0.00100000000000033" classname="geom_km_ticks" name="geom_km_ticks_works_as_expected"/>
    <testcase time="0.137" classname="geom_km_ticks" name="geom_km_ticks_looks_as_expected_for_a_single_group">
      <skipped message="Reason: On CRAN ('test-geom_km_ticks.R:23:3')"/>
    </testcase>
    <testcase time="0.228" classname="geom_km_ticks" name="geom_km_ticks_looks_as_expected_for_two_groups">
      <skipped message="Reason: On CRAN ('test-geom_km_ticks.R:29:3')"/>
    </testcase>
  </testsuite>
  <testsuite name="geom_table" timestamp="2023-06-20T22:03:56Z" hostname="9047d1845552" tests="4" skipped="0" failures="0" errors="0" time="0.133">
    <testcase time="0.105" classname="geom_table" name="geom_table_works_as_expected"/>
    <testcase time="0.00100000000000033" classname="geom_table" name="geom_table_works_as_expected"/>
    <testcase time="0.0259999999999998" classname="geom_table" name="geom_table_npc_works_as_expected"/>
    <testcase time="0.00100000000000033" classname="geom_table" name="geom_table_npc_works_as_expected"/>
  </testsuite>
  <testsuite name="stat_km" timestamp="2023-06-20T22:03:56Z" hostname="9047d1845552" tests="4" skipped="0" failures="0" errors="0" time="0.045">
    <testcase time="0.0139999999999993" classname="stat_km" name="stat_km_works_as_expected"/>
    <testcase time="0.00200000000000067" classname="stat_km" name="stat_km_works_as_expected"/>
    <testcase time="0.0279999999999996" classname="stat_km" name="stat_km_works_as_expected"/>
    <testcase time="0.000999999999999446" classname="stat_km" name="stat_km_works_as_expected"/>
  </testsuite>
  <testsuite name="stat_km_compute" timestamp="2023-06-20T22:03:56Z" hostname="9047d1845552" tests="28" skipped="3" failures="0" errors="0" time="0.18">
    <testcase time="0.016" classname="stat_km_compute" name="h_surv_fit_works_as_expected"/>
    <testcase time="0.00100000000000033" classname="stat_km_compute" name="h_surv_fit_works_as_expected"/>
    <testcase time="0.00199999999999978" classname="stat_km_compute" name="h_surv_fit_works_as_expected"/>
    <testcase time="0.00100000000000033" classname="stat_km_compute" name="h_surv_fit_works_as_expected"/>
    <testcase time="0.000999999999999446" classname="stat_km_compute" name="h_surv_fit_works_as_expected"/>
    <testcase time="0.0150000000000006" classname="stat_km_compute" name="h_surv_fit_works_as_expected"/>
    <testcase time="0.00199999999999978" classname="stat_km_compute" name="h_surv_fit_works_as_expected">
      <skipped message="Reason: On CRAN ('test-stat_km_compute.R:10:3')"/>
    </testcase>
    <testcase time="0.0229999999999997" classname="stat_km_compute" name="h_surv_fit_also_works_when_there_is_only_a_single_observation"/>
    <testcase time="0.00499999999999989" classname="stat_km_compute" name="h_surv_fit_also_works_when_there_is_only_a_single_observation"/>
    <testcase time="0.00600000000000023" classname="stat_km_compute" name="h_surv_fit_also_works_when_there_is_only_a_single_observation"/>
    <testcase time="0.00699999999999967" classname="stat_km_compute" name="h_step_returns_NULL_as_expected_when_no_finite_values_exist"/>
    <testcase time="0.00499999999999989" classname="stat_km_compute" name="h_step_returns_NULL_as_expected_when_no_finite_values_exist"/>
    <testcase time="0.00700000000000056" classname="stat_km_compute" name="h_step_works_as_expected_for_length_1"/>
    <testcase time="0.00499999999999989" classname="stat_km_compute" name="h_step_works_as_expected_for_length_1"/>
    <testcase time="0.00800000000000001" classname="stat_km_compute" name="h_step_works_as_expected_for_length_2"/>
    <testcase time="0.00600000000000023" classname="stat_km_compute" name="h_step_works_as_expected_for_length_2"/>
    <testcase time="0.00699999999999967" classname="stat_km_compute" name="h_step_works_as_expected_for_longer_vectors_with_plateaus"/>
    <testcase time="0.00499999999999989" classname="stat_km_compute" name="h_step_works_as_expected_for_longer_vectors_with_plateaus"/>
    <testcase time="0.00699999999999967" classname="stat_km_compute" name="h_step_works_discards_NA_and_Inf_as_expected"/>
    <testcase time="0.00700000000000056" classname="stat_km_compute" name="h_step_works_discards_NA_and_Inf_as_expected"/>
    <testcase time="0.00999999999999979" classname="stat_km_compute" name="stat_km_compute_works_as_expected"/>
    <testcase time="0.00199999999999978" classname="stat_km_compute" name="stat_km_compute_works_as_expected"/>
    <testcase time="0.00100000000000033" classname="stat_km_compute" name="stat_km_compute_works_as_expected"/>
    <testcase time="0.00300000000000011" classname="stat_km_compute" name="stat_km_compute_works_as_expected">
      <skipped message="Reason: On CRAN ('test-stat_km_compute.R:75:3')"/>
    </testcase>
    <testcase time="0.0219999999999994" classname="stat_km_compute" name="stat_km_ticks_compute_works_as_expected"/>
    <testcase time="0.00200000000000067" classname="stat_km_compute" name="stat_km_ticks_compute_works_as_expected"/>
    <testcase time="0.00199999999999978" classname="stat_km_compute" name="stat_km_ticks_compute_works_as_expected"/>
    <testcase time="0.00199999999999978" classname="stat_km_compute" name="stat_km_ticks_compute_works_as_expected">
      <skipped message="Reason: On CRAN ('test-stat_km_compute.R:84:3')"/>
    </testcase>
  </testsuite>
  <testsuite name="stat_km_ticks" timestamp="2023-06-20T22:03:56Z" hostname="9047d1845552" tests="4" skipped="0" failures="0" errors="0" time="0.063">
    <testcase time="0.0289999999999999" classname="stat_km_ticks" name="stat_km_ticks_works_as_expected"/>
    <testcase time="0.00100000000000033" classname="stat_km_ticks" name="stat_km_ticks_works_as_expected"/>
    <testcase time="0.0309999999999997" classname="stat_km_ticks" name="stat_km_ticks_works_as_expected"/>
    <testcase time="0.00200000000000067" classname="stat_km_ticks" name="stat_km_ticks_works_as_expected"/>
  </testsuite>
  <testsuite name="stat_n_text" timestamp="2023-06-20T22:03:56Z" hostname="9047d1845552" tests="2" skipped="0" failures="0" errors="0" time="0.022">
    <testcase time="0.0209999999999999" classname="stat_n_text" name="stat_n_text_works_as_expected"/>
    <testcase time="0.000999999999999446" classname="stat_n_text" name="stat_n_text_works_as_expected"/>
  </testsuite>
  <testsuite name="stat_prop" timestamp="2023-06-20T22:03:56Z" hostname="9047d1845552" tests="2" skipped="0" failures="0" errors="0" time="0.028">
    <testcase time="0.0259999999999998" classname="stat_prop" name="stat_prop_works_as_expected"/>
    <testcase time="0.00200000000000067" classname="stat_prop" name="stat_prop_works_as_expected"/>
  </testsuite>
  <testsuite name="table_themes" timestamp="2023-06-20T22:03:56Z" hostname="9047d1845552" tests="1" skipped="0" failures="0" errors="0" time="0.215">
    <testcase time="0.215" classname="table_themes" name="ttheme_set_works_as_expected_but_is_not_baked_into_objects"/>
  </testsuite>
  <testsuite name="ttheme_set" timestamp="2023-06-20T22:03:56Z" hostname="9047d1845552" tests="8" skipped="0" failures="0" errors="0" time="2.351">
    <testcase time="0.375" classname="ttheme_set" name="table_themes_can_be_used_and_work"/>
    <testcase time="0.289" classname="ttheme_set" name="table_themes_can_be_used_and_work"/>
    <testcase time="0.308" classname="ttheme_set" name="table_themes_can_be_used_and_work"/>
    <testcase time="0.273000000000001" classname="ttheme_set" name="table_themes_can_be_used_and_work"/>
    <testcase time="0.278" classname="ttheme_set" name="table_themes_can_be_used_and_work"/>
    <testcase time="0.278" classname="ttheme_set" name="table_themes_can_be_used_and_work"/>
    <testcase time="0.271" classname="ttheme_set" name="table_themes_can_be_used_and_work"/>
    <testcase time="0.279" classname="ttheme_set" name="table_themes_can_be_used_and_work"/>
  </testsuite>
</testsuites>
