<?xml version="1.0" encoding="UTF-8"?>
<testsuites>
  <testsuite name="geom_km" timestamp="2024-09-16T15:04:46Z" hostname="d134592ce751" tests="6" skipped="2" failures="0" errors="0" time="0.553">
    <testcase time="0.0189999999999999" classname="geom_km" name="geom_km_works_as_expected"/>
    <testcase time="0.024" classname="geom_km" name="geom_km_works_as_expected"/>
    <testcase time="0.0470000000000002" classname="geom_km" name="geom_km_works_as_expected"/>
    <testcase time="0.00099999999999989" classname="geom_km" name="geom_km_works_as_expected"/>
    <testcase time="0.272" classname="geom_km" name="geom_km_looks_as_expected_for_a_single_group">
      <skipped message="Reason: On CRAN ('test-geom_km.R:22:3')"/>
    </testcase>
    <testcase time="0.19" classname="geom_km" name="geom_km_looks_as_expected_for_two_groups">
      <skipped message="Reason: On CRAN ('test-geom_km.R:28:3')"/>
    </testcase>
  </testsuite>
  <testsuite name="geom_km_ticks" timestamp="2024-09-16T15:04:47Z" hostname="d134592ce751" tests="6" skipped="2" failures="0" errors="0" time="0.348">
    <testcase time="0.048" classname="geom_km_ticks" name="geom_km_ticks_works_as_expected"/>
    <testcase time="0.00100000000000011" classname="geom_km_ticks" name="geom_km_ticks_works_as_expected"/>
    <testcase time="0.0289999999999999" classname="geom_km_ticks" name="geom_km_ticks_works_as_expected"/>
    <testcase time="0.00099999999999989" classname="geom_km_ticks" name="geom_km_ticks_works_as_expected"/>
    <testcase time="0.0649999999999999" classname="geom_km_ticks" name="geom_km_ticks_looks_as_expected_for_a_single_group">
      <skipped message="Reason: On CRAN ('test-geom_km_ticks.R:23:3')"/>
    </testcase>
    <testcase time="0.204" classname="geom_km_ticks" name="geom_km_ticks_looks_as_expected_for_two_groups">
      <skipped message="Reason: On CRAN ('test-geom_km_ticks.R:29:3')"/>
    </testcase>
  </testsuite>
  <testsuite name="geom_table" timestamp="2024-09-16T15:04:47Z" hostname="d134592ce751" tests="4" skipped="0" failures="0" errors="0" time="0.071">
    <testcase time="0.0550000000000002" classname="geom_table" name="geom_table_works_as_expected"/>
    <testcase time="0.00099999999999989" classname="geom_table" name="geom_table_works_as_expected"/>
    <testcase time="0.0139999999999998" classname="geom_table" name="geom_table_npc_works_as_expected"/>
    <testcase time="0.00100000000000033" classname="geom_table" name="geom_table_npc_works_as_expected"/>
  </testsuite>
  <testsuite name="stat_km" timestamp="2024-09-16T15:04:47Z" hostname="d134592ce751" tests="4" skipped="0" failures="0" errors="0" time="0.032">
    <testcase time="0.0089999999999999" classname="stat_km" name="stat_km_works_as_expected"/>
    <testcase time="0.00099999999999989" classname="stat_km" name="stat_km_works_as_expected"/>
    <testcase time="0.0209999999999999" classname="stat_km" name="stat_km_works_as_expected"/>
    <testcase time="0.00099999999999989" classname="stat_km" name="stat_km_works_as_expected"/>
  </testsuite>
  <testsuite name="stat_km_compute" timestamp="2024-09-16T15:04:47Z" hostname="d134592ce751" tests="18" skipped="3" failures="0" errors="0" time="0.077">
    <testcase time="0.00900000000000034" classname="stat_km_compute" name="h_surv_fit_works_as_expected"/>
    <testcase time="0.00099999999999989" classname="stat_km_compute" name="h_surv_fit_works_as_expected"/>
    <testcase time="0.00099999999999989" classname="stat_km_compute" name="h_surv_fit_works_as_expected"/>
    <testcase time="0.00099999999999989" classname="stat_km_compute" name="h_surv_fit_works_as_expected"/>
    <testcase time="0.00100000000000033" classname="stat_km_compute" name="h_surv_fit_works_as_expected"/>
    <testcase time="0.00299999999999967" classname="stat_km_compute" name="h_surv_fit_works_as_expected"/>
    <testcase time="0.00500000000000034" classname="stat_km_compute" name="h_surv_fit_works_as_expected">
      <skipped message="Reason: On CRAN ('test-stat_km_compute.R:10:3')"/>
    </testcase>
    <testcase time="0.0139999999999998" classname="stat_km_compute" name="h_surv_fit_also_works_when_there_is_only_a_single_observation"/>
    <testcase time="0.00300000000000011" classname="stat_km_compute" name="h_surv_fit_also_works_when_there_is_only_a_single_observation"/>
    <testcase time="0.00199999999999978" classname="stat_km_compute" name="h_surv_fit_also_works_when_there_is_only_a_single_observation"/>
    <testcase time="0.00600000000000023" classname="stat_km_compute" name="stat_km_compute_works_as_expected"/>
    <testcase time="0.00099999999999989" classname="stat_km_compute" name="stat_km_compute_works_as_expected"/>
    <testcase time="0.00099999999999989" classname="stat_km_compute" name="stat_km_compute_works_as_expected"/>
    <testcase time="0.00600000000000023" classname="stat_km_compute" name="stat_km_compute_works_as_expected">
      <skipped message="Reason: On CRAN ('test-stat_km_compute.R:29:3')"/>
    </testcase>
    <testcase time="0.0139999999999998" classname="stat_km_compute" name="stat_km_ticks_compute_works_as_expected"/>
    <testcase time="0.00100000000000033" classname="stat_km_compute" name="stat_km_ticks_compute_works_as_expected"/>
    <testcase time="0.00199999999999978" classname="stat_km_compute" name="stat_km_ticks_compute_works_as_expected"/>
    <testcase time="0.00600000000000023" classname="stat_km_compute" name="stat_km_ticks_compute_works_as_expected">
      <skipped message="Reason: On CRAN ('test-stat_km_compute.R:38:3')"/>
    </testcase>
  </testsuite>
  <testsuite name="stat_km_ticks" timestamp="2024-09-16T15:04:47Z" hostname="d134592ce751" tests="4" skipped="0" failures="0" errors="0" time="0.046">
    <testcase time="0.0229999999999997" classname="stat_km_ticks" name="stat_km_ticks_works_as_expected"/>
    <testcase time="0.00100000000000033" classname="stat_km_ticks" name="stat_km_ticks_works_as_expected"/>
    <testcase time="0.0209999999999999" classname="stat_km_ticks" name="stat_km_ticks_works_as_expected"/>
    <testcase time="0.00099999999999989" classname="stat_km_ticks" name="stat_km_ticks_works_as_expected"/>
  </testsuite>
  <testsuite name="stat_n_text" timestamp="2024-09-16T15:04:47Z" hostname="d134592ce751" tests="2" skipped="0" failures="0" errors="0" time="0.013">
    <testcase time="0.0110000000000001" classname="stat_n_text" name="stat_n_text_works_as_expected"/>
    <testcase time="0.00199999999999978" classname="stat_n_text" name="stat_n_text_works_as_expected"/>
  </testsuite>
  <testsuite name="stat_prop" timestamp="2024-09-16T15:04:47Z" hostname="d134592ce751" tests="2" skipped="0" failures="0" errors="0" time="0.014">
    <testcase time="0.0129999999999999" classname="stat_prop" name="stat_prop_works_as_expected"/>
    <testcase time="0.00100000000000033" classname="stat_prop" name="stat_prop_works_as_expected"/>
  </testsuite>
  <testsuite name="table_themes" timestamp="2024-09-16T15:04:47Z" hostname="d134592ce751" tests="1" skipped="0" failures="0" errors="0" time="0.126">
    <testcase time="0.126" classname="table_themes" name="ttheme_set_works_as_expected_but_is_not_baked_into_objects"/>
  </testsuite>
  <testsuite name="ttheme_set" timestamp="2024-09-16T15:04:47Z" hostname="d134592ce751" tests="8" skipped="0" failures="0" errors="0" time="1.008">
    <testcase time="0.166" classname="ttheme_set" name="table_themes_can_be_used_and_work"/>
    <testcase time="0.12" classname="ttheme_set" name="table_themes_can_be_used_and_work"/>
    <testcase time="0.115" classname="ttheme_set" name="table_themes_can_be_used_and_work"/>
    <testcase time="0.135" classname="ttheme_set" name="table_themes_can_be_used_and_work"/>
    <testcase time="0.116" classname="ttheme_set" name="table_themes_can_be_used_and_work"/>
    <testcase time="0.12" classname="ttheme_set" name="table_themes_can_be_used_and_work"/>
    <testcase time="0.115" classname="ttheme_set" name="table_themes_can_be_used_and_work"/>
    <testcase time="0.121" classname="ttheme_set" name="table_themes_can_be_used_and_work"/>
  </testsuite>
</testsuites>
