<?xml version="1.0" encoding="UTF-8"?>
<testsuites>
  <testsuite name="geom_table" timestamp="2023-02-16T13:40:26Z" hostname="d5cbfbd81e8b" tests="4" skipped="0" failures="0" errors="0" time="0.106">
    <testcase time="0.0619999999999999" classname="geom_table" name="geom_table_works_as_expected"/>
    <testcase time="0.022" classname="geom_table" name="geom_table_works_as_expected"/>
    <testcase time="0.021" classname="geom_table" name="geom_table_npc_works_as_expected"/>
    <testcase time="0.001" classname="geom_table" name="geom_table_npc_works_as_expected"/>
  </testsuite>
  <testsuite name="stat_n_text" timestamp="2023-02-16T13:40:26Z" hostname="d5cbfbd81e8b" tests="2" skipped="0" failures="0" errors="0" time="0.02">
    <testcase time="0.019" classname="stat_n_text" name="stat_n_text_works_as_expected"/>
    <testcase time="0.001" classname="stat_n_text" name="stat_n_text_works_as_expected"/>
  </testsuite>
  <testsuite name="stat_prop" timestamp="2023-02-16T13:40:26Z" hostname="d5cbfbd81e8b" tests="2" skipped="0" failures="0" errors="0" time="0.024">
    <testcase time="0.0229999999999999" classname="stat_prop" name="stat_prop_works_as_expected"/>
    <testcase time="0.001" classname="stat_prop" name="stat_prop_works_as_expected"/>
  </testsuite>
  <testsuite name="table_themes" timestamp="2023-02-16T13:40:26Z" hostname="d5cbfbd81e8b" tests="1" skipped="0" failures="0" errors="0" time="0.056">
    <testcase time="0.056" classname="table_themes" name="ttheme_set_works_as_expected_but_is_not_baked_into_objects"/>
  </testsuite>
  <testsuite name="ttheme_set" timestamp="2023-02-16T13:40:26Z" hostname="d5cbfbd81e8b" tests="1" skipped="1" failures="0" errors="0" time="1.518">
    <testcase time="1.518" classname="ttheme_set" name="table_themes_can_be_used_and_work">
      <skipped message="Reason: empty test ('test-ttheme_set.R:15')"/>
    </testcase>
  </testsuite>
  <testsuite name="test" timestamp="2023-02-16T13:40:28Z" hostname="d5cbfbd81e8b" tests="1" skipped="0" failures="0" errors="0" time="0.027">
    <testcase time="0.0269999999999997" classname="test" name="loading_ggplot2.utils_works"/>
  </testsuite>
</testsuites>
