<?xml version="1.0" encoding="UTF-8"?>
<testsuites>
  <testsuite name="geom_km" timestamp="2024-12-23T10:21:58Z" hostname="ddc6a58a870c" tests="6" skipped="0" failures="0" errors="0" time="0.536">
    <testcase time="0.0189999999999999" classname="geom_km" name="geom_km_works_as_expected"/>
    <testcase time="0.022" classname="geom_km" name="geom_km_works_as_expected"/>
    <testcase time="0.0449999999999999" classname="geom_km" name="geom_km_works_as_expected"/>
    <testcase time="0.002" classname="geom_km" name="geom_km_works_as_expected"/>
    <testcase time="0.276" classname="geom_km" name="geom_km_looks_as_expected_for_a_single_group"/>
    <testcase time="0.172" classname="geom_km" name="geom_km_looks_as_expected_for_two_groups"/>
  </testsuite>
  <testsuite name="geom_km_ticks" timestamp="2024-12-23T10:21:59Z" hostname="ddc6a58a870c" tests="6" skipped="0" failures="0" errors="0" time="0.322">
    <testcase time="0.0189999999999999" classname="geom_km_ticks" name="geom_km_ticks_works_as_expected"/>
    <testcase time="0.00100000000000011" classname="geom_km_ticks" name="geom_km_ticks_works_as_expected"/>
    <testcase time="0.0269999999999999" classname="geom_km_ticks" name="geom_km_ticks_works_as_expected"/>
    <testcase time="0.00099999999999989" classname="geom_km_ticks" name="geom_km_ticks_works_as_expected"/>
    <testcase time="0.0770000000000002" classname="geom_km_ticks" name="geom_km_ticks_looks_as_expected_for_a_single_group"/>
    <testcase time="0.197" classname="geom_km_ticks" name="geom_km_ticks_looks_as_expected_for_two_groups"/>
  </testsuite>
  <testsuite name="geom_table" timestamp="2024-12-23T10:21:59Z" hostname="ddc6a58a870c" tests="4" skipped="0" failures="0" errors="0" time="0.059">
    <testcase time="0.044" classname="geom_table" name="geom_table_works_as_expected"/>
    <testcase time="0.00099999999999989" classname="geom_table" name="geom_table_works_as_expected"/>
    <testcase time="0.0129999999999999" classname="geom_table" name="geom_table_npc_works_as_expected"/>
    <testcase time="0.00099999999999989" classname="geom_table" name="geom_table_npc_works_as_expected"/>
  </testsuite>
  <testsuite name="stat_km" timestamp="2024-12-23T10:21:59Z" hostname="ddc6a58a870c" tests="4" skipped="0" failures="0" errors="0" time="0.03">
    <testcase time="0.00800000000000001" classname="stat_km" name="stat_km_works_as_expected"/>
    <testcase time="0.00100000000000033" classname="stat_km" name="stat_km_works_as_expected"/>
    <testcase time="0.0199999999999996" classname="stat_km" name="stat_km_works_as_expected"/>
    <testcase time="0.00100000000000033" classname="stat_km" name="stat_km_works_as_expected"/>
  </testsuite>
  <testsuite name="stat_km_compute" timestamp="2024-12-23T10:21:59Z" hostname="ddc6a58a870c" tests="18" skipped="0" failures="0" errors="0" time="0.125">
    <testcase time="0.00800000000000001" classname="stat_km_compute" name="h_surv_fit_works_as_expected"/>
    <testcase time="0.00099999999999989" classname="stat_km_compute" name="h_surv_fit_works_as_expected"/>
    <testcase time="0.00099999999999989" classname="stat_km_compute" name="h_surv_fit_works_as_expected"/>
    <testcase time="0.00099999999999989" classname="stat_km_compute" name="h_surv_fit_works_as_expected"/>
    <testcase time="0.00100000000000033" classname="stat_km_compute" name="h_surv_fit_works_as_expected"/>
    <testcase time="0.00299999999999967" classname="stat_km_compute" name="h_surv_fit_works_as_expected"/>
    <testcase time="0.02" classname="stat_km_compute" name="h_surv_fit_works_as_expected"/>
    <testcase time="0.00600000000000023" classname="stat_km_compute" name="h_surv_fit_also_works_when_there_is_only_a_single_observation"/>
    <testcase time="0.00199999999999978" classname="stat_km_compute" name="h_surv_fit_also_works_when_there_is_only_a_single_observation"/>
    <testcase time="0.00300000000000011" classname="stat_km_compute" name="h_surv_fit_also_works_when_there_is_only_a_single_observation"/>
    <testcase time="0.00499999999999989" classname="stat_km_compute" name="stat_km_compute_works_as_expected"/>
    <testcase time="0.00100000000000033" classname="stat_km_compute" name="stat_km_compute_works_as_expected"/>
    <testcase time="0.00099999999999989" classname="stat_km_compute" name="stat_km_compute_works_as_expected"/>
    <testcase time="0.0350000000000001" classname="stat_km_compute" name="stat_km_compute_works_as_expected"/>
    <testcase time="0.00599999999999978" classname="stat_km_compute" name="stat_km_ticks_compute_works_as_expected"/>
    <testcase time="0.00099999999999989" classname="stat_km_compute" name="stat_km_ticks_compute_works_as_expected"/>
    <testcase time="0.00100000000000033" classname="stat_km_compute" name="stat_km_ticks_compute_works_as_expected"/>
    <testcase time="0.0289999999999999" classname="stat_km_compute" name="stat_km_ticks_compute_works_as_expected"/>
  </testsuite>
  <testsuite name="stat_km_ticks" timestamp="2024-12-23T10:21:59Z" hostname="ddc6a58a870c" tests="4" skipped="0" failures="0" errors="0" time="0.033">
    <testcase time="0.0089999999999999" classname="stat_km_ticks" name="stat_km_ticks_works_as_expected"/>
    <testcase time="0.00199999999999978" classname="stat_km_ticks" name="stat_km_ticks_works_as_expected"/>
    <testcase time="0.0210000000000004" classname="stat_km_ticks" name="stat_km_ticks_works_as_expected"/>
    <testcase time="0.00099999999999989" classname="stat_km_ticks" name="stat_km_ticks_works_as_expected"/>
  </testsuite>
  <testsuite name="stat_n_text" timestamp="2024-12-23T10:21:59Z" hostname="ddc6a58a870c" tests="2" skipped="0" failures="0" errors="0" time="0.012">
    <testcase time="0.0110000000000001" classname="stat_n_text" name="stat_n_text_works_as_expected"/>
    <testcase time="0.00099999999999989" classname="stat_n_text" name="stat_n_text_works_as_expected"/>
  </testsuite>
  <testsuite name="stat_prop" timestamp="2024-12-23T10:22:00Z" hostname="ddc6a58a870c" tests="2" skipped="0" failures="0" errors="0" time="0.015">
    <testcase time="0.0139999999999998" classname="stat_prop" name="stat_prop_works_as_expected"/>
    <testcase time="0.00100000000000033" classname="stat_prop" name="stat_prop_works_as_expected"/>
  </testsuite>
  <testsuite name="table_themes" timestamp="2024-12-23T10:22:00Z" hostname="ddc6a58a870c" tests="1" skipped="0" failures="0" errors="0" time="0.132">
    <testcase time="0.132" classname="table_themes" name="ttheme_set_works_as_expected_but_is_not_baked_into_objects"/>
  </testsuite>
  <testsuite name="ttheme_set" timestamp="2024-12-23T10:22:00Z" hostname="ddc6a58a870c" tests="8" skipped="0" failures="0" errors="0" time="0.995">
    <testcase time="0.16" classname="ttheme_set" name="table_themes_can_be_used_and_work"/>
    <testcase time="0.117" classname="ttheme_set" name="table_themes_can_be_used_and_work"/>
    <testcase time="0.113" classname="ttheme_set" name="table_themes_can_be_used_and_work"/>
    <testcase time="0.13" classname="ttheme_set" name="table_themes_can_be_used_and_work"/>
    <testcase time="0.113" classname="ttheme_set" name="table_themes_can_be_used_and_work"/>
    <testcase time="0.12" classname="ttheme_set" name="table_themes_can_be_used_and_work"/>
    <testcase time="0.121" classname="ttheme_set" name="table_themes_can_be_used_and_work"/>
    <testcase time="0.121" classname="ttheme_set" name="table_themes_can_be_used_and_work"/>
  </testsuite>
</testsuites>
