<?xml version="1.0" encoding="UTF-8"?>
<testsuites>
  <testsuite name="geom_km" timestamp="2024-08-05T14:33:20Z" hostname="c02238eafdef" tests="6" skipped="0" failures="0" errors="0" time="0.618">
    <testcase time="0.02" classname="geom_km" name="geom_km_works_as_expected"/>
    <testcase time="0.0250000000000001" classname="geom_km" name="geom_km_works_as_expected"/>
    <testcase time="0.0539999999999998" classname="geom_km" name="geom_km_works_as_expected"/>
    <testcase time="0.00100000000000011" classname="geom_km" name="geom_km_works_as_expected"/>
    <testcase time="0.311" classname="geom_km" name="geom_km_looks_as_expected_for_a_single_group"/>
    <testcase time="0.207" classname="geom_km" name="geom_km_looks_as_expected_for_two_groups"/>
  </testsuite>
  <testsuite name="geom_km_ticks" timestamp="2024-08-05T14:33:21Z" hostname="c02238eafdef" tests="6" skipped="0" failures="0" errors="0" time="0.373">
    <testcase time="0.022" classname="geom_km_ticks" name="geom_km_ticks_works_as_expected"/>
    <testcase time="0.00199999999999978" classname="geom_km_ticks" name="geom_km_ticks_works_as_expected"/>
    <testcase time="0.0310000000000001" classname="geom_km_ticks" name="geom_km_ticks_works_as_expected"/>
    <testcase time="0.00099999999999989" classname="geom_km_ticks" name="geom_km_ticks_works_as_expected"/>
    <testcase time="0.0939999999999999" classname="geom_km_ticks" name="geom_km_ticks_looks_as_expected_for_a_single_group"/>
    <testcase time="0.223" classname="geom_km_ticks" name="geom_km_ticks_looks_as_expected_for_two_groups"/>
  </testsuite>
  <testsuite name="geom_table" timestamp="2024-08-05T14:33:21Z" hostname="c02238eafdef" tests="4" skipped="0" failures="0" errors="0" time="0.069">
    <testcase time="0.052" classname="geom_table" name="geom_table_works_as_expected"/>
    <testcase time="0.00099999999999989" classname="geom_table" name="geom_table_works_as_expected"/>
    <testcase time="0.0150000000000001" classname="geom_table" name="geom_table_npc_works_as_expected"/>
    <testcase time="0.00099999999999989" classname="geom_table" name="geom_table_npc_works_as_expected"/>
  </testsuite>
  <testsuite name="stat_km" timestamp="2024-08-05T14:33:21Z" hostname="c02238eafdef" tests="4" skipped="0" failures="0" errors="0" time="0.034">
    <testcase time="0.00900000000000034" classname="stat_km" name="stat_km_works_as_expected"/>
    <testcase time="0.00099999999999989" classname="stat_km" name="stat_km_works_as_expected"/>
    <testcase time="0.0229999999999997" classname="stat_km" name="stat_km_works_as_expected"/>
    <testcase time="0.00100000000000033" classname="stat_km" name="stat_km_works_as_expected"/>
  </testsuite>
  <testsuite name="stat_km_compute" timestamp="2024-08-05T14:33:21Z" hostname="c02238eafdef" tests="18" skipped="0" failures="0" errors="0" time="0.142">
    <testcase time="0.00999999999999979" classname="stat_km_compute" name="h_surv_fit_works_as_expected"/>
    <testcase time="0.00200000000000022" classname="stat_km_compute" name="h_surv_fit_works_as_expected"/>
    <testcase time="0.00099999999999989" classname="stat_km_compute" name="h_surv_fit_works_as_expected"/>
    <testcase time="0.00099999999999989" classname="stat_km_compute" name="h_surv_fit_works_as_expected"/>
    <testcase time="0.00099999999999989" classname="stat_km_compute" name="h_surv_fit_works_as_expected"/>
    <testcase time="0.00300000000000011" classname="stat_km_compute" name="h_surv_fit_works_as_expected"/>
    <testcase time="0.0220000000000002" classname="stat_km_compute" name="h_surv_fit_works_as_expected"/>
    <testcase time="0.00599999999999978" classname="stat_km_compute" name="h_surv_fit_also_works_when_there_is_only_a_single_observation"/>
    <testcase time="0.00300000000000011" classname="stat_km_compute" name="h_surv_fit_also_works_when_there_is_only_a_single_observation"/>
    <testcase time="0.00300000000000011" classname="stat_km_compute" name="h_surv_fit_also_works_when_there_is_only_a_single_observation"/>
    <testcase time="0.00599999999999978" classname="stat_km_compute" name="stat_km_compute_works_as_expected"/>
    <testcase time="0.00099999999999989" classname="stat_km_compute" name="stat_km_compute_works_as_expected"/>
    <testcase time="0.00100000000000033" classname="stat_km_compute" name="stat_km_compute_works_as_expected"/>
    <testcase time="0.04" classname="stat_km_compute" name="stat_km_compute_works_as_expected"/>
    <testcase time="0.00699999999999967" classname="stat_km_compute" name="stat_km_ticks_compute_works_as_expected"/>
    <testcase time="0.00200000000000022" classname="stat_km_compute" name="stat_km_ticks_compute_works_as_expected"/>
    <testcase time="0.00099999999999989" classname="stat_km_compute" name="stat_km_ticks_compute_works_as_expected"/>
    <testcase time="0.032" classname="stat_km_compute" name="stat_km_ticks_compute_works_as_expected"/>
  </testsuite>
  <testsuite name="stat_km_ticks" timestamp="2024-08-05T14:33:21Z" hostname="c02238eafdef" tests="4" skipped="0" failures="0" errors="0" time="0.036">
    <testcase time="0.0110000000000001" classname="stat_km_ticks" name="stat_km_ticks_works_as_expected"/>
    <testcase time="0.00099999999999989" classname="stat_km_ticks" name="stat_km_ticks_works_as_expected"/>
    <testcase time="0.0219999999999998" classname="stat_km_ticks" name="stat_km_ticks_works_as_expected"/>
    <testcase time="0.00200000000000022" classname="stat_km_ticks" name="stat_km_ticks_works_as_expected"/>
  </testsuite>
  <testsuite name="stat_n_text" timestamp="2024-08-05T14:33:21Z" hostname="c02238eafdef" tests="2" skipped="0" failures="0" errors="0" time="0.013">
    <testcase time="0.012" classname="stat_n_text" name="stat_n_text_works_as_expected"/>
    <testcase time="0.00099999999999989" classname="stat_n_text" name="stat_n_text_works_as_expected"/>
  </testsuite>
  <testsuite name="stat_prop" timestamp="2024-08-05T14:33:21Z" hostname="c02238eafdef" tests="2" skipped="0" failures="0" errors="0" time="0.015">
    <testcase time="0.0129999999999999" classname="stat_prop" name="stat_prop_works_as_expected"/>
    <testcase time="0.00200000000000022" classname="stat_prop" name="stat_prop_works_as_expected"/>
  </testsuite>
  <testsuite name="table_themes" timestamp="2024-08-05T14:33:21Z" hostname="c02238eafdef" tests="1" skipped="0" failures="0" errors="0" time="0.137">
    <testcase time="0.137" classname="table_themes" name="ttheme_set_works_as_expected_but_is_not_baked_into_objects"/>
  </testsuite>
  <testsuite name="ttheme_set" timestamp="2024-08-05T14:33:22Z" hostname="c02238eafdef" tests="8" skipped="0" failures="0" errors="0" time="1.075">
    <testcase time="0.17" classname="ttheme_set" name="table_themes_can_be_used_and_work"/>
    <testcase time="0.131" classname="ttheme_set" name="table_themes_can_be_used_and_work"/>
    <testcase time="0.123" classname="ttheme_set" name="table_themes_can_be_used_and_work"/>
    <testcase time="0.144" classname="ttheme_set" name="table_themes_can_be_used_and_work"/>
    <testcase time="0.124" classname="ttheme_set" name="table_themes_can_be_used_and_work"/>
    <testcase time="0.13" classname="ttheme_set" name="table_themes_can_be_used_and_work"/>
    <testcase time="0.131" classname="ttheme_set" name="table_themes_can_be_used_and_work"/>
    <testcase time="0.122" classname="ttheme_set" name="table_themes_can_be_used_and_work"/>
  </testsuite>
</testsuites>
