<?xml version="1.0" encoding="UTF-8"?>
<testsuites>
  <testsuite name="geom_km" timestamp="2023-08-18T08:25:40Z" hostname="6e722e4bd603" tests="6" skipped="2" failures="0" errors="0" time="0.803">
    <testcase time="0.0390000000000001" classname="geom_km" name="geom_km_works_as_expected"/>
    <testcase time="0.0219999999999998" classname="geom_km" name="geom_km_works_as_expected"/>
    <testcase time="0.121" classname="geom_km" name="geom_km_works_as_expected"/>
    <testcase time="0.00200000000000022" classname="geom_km" name="geom_km_works_as_expected"/>
    <testcase time="0.308" classname="geom_km" name="geom_km_looks_as_expected_for_a_single_group">
      <skipped message="Reason: On CRAN ('test-geom_km.R:22:3')"/>
    </testcase>
    <testcase time="0.311" classname="geom_km" name="geom_km_looks_as_expected_for_two_groups">
      <skipped message="Reason: On CRAN ('test-geom_km.R:28:3')"/>
    </testcase>
  </testsuite>
  <testsuite name="geom_km_ticks" timestamp="2023-08-18T08:25:40Z" hostname="6e722e4bd603" tests="6" skipped="2" failures="0" errors="0" time="0.391">
    <testcase time="0.0739999999999998" classname="geom_km_ticks" name="geom_km_ticks_works_as_expected"/>
    <testcase time="0.00100000000000033" classname="geom_km_ticks" name="geom_km_ticks_works_as_expected"/>
    <testcase time="0.0249999999999999" classname="geom_km_ticks" name="geom_km_ticks_works_as_expected"/>
    <testcase time="0.00099999999999989" classname="geom_km_ticks" name="geom_km_ticks_works_as_expected"/>
    <testcase time="0.112" classname="geom_km_ticks" name="geom_km_ticks_looks_as_expected_for_a_single_group">
      <skipped message="Reason: On CRAN ('test-geom_km_ticks.R:23:3')"/>
    </testcase>
    <testcase time="0.178" classname="geom_km_ticks" name="geom_km_ticks_looks_as_expected_for_two_groups">
      <skipped message="Reason: On CRAN ('test-geom_km_ticks.R:29:3')"/>
    </testcase>
  </testsuite>
  <testsuite name="geom_table" timestamp="2023-08-18T08:25:41Z" hostname="6e722e4bd603" tests="4" skipped="0" failures="0" errors="0" time="0.119">
    <testcase time="0.0939999999999999" classname="geom_table" name="geom_table_works_as_expected"/>
    <testcase time="0.00100000000000033" classname="geom_table" name="geom_table_works_as_expected"/>
    <testcase time="0.0219999999999998" classname="geom_table" name="geom_table_npc_works_as_expected"/>
    <testcase time="0.00200000000000022" classname="geom_table" name="geom_table_npc_works_as_expected"/>
  </testsuite>
  <testsuite name="stat_km" timestamp="2023-08-18T08:25:41Z" hostname="6e722e4bd603" tests="4" skipped="0" failures="0" errors="0" time="0.04">
    <testcase time="0.0139999999999998" classname="stat_km" name="stat_km_works_as_expected"/>
    <testcase time="0.00099999999999989" classname="stat_km" name="stat_km_works_as_expected"/>
    <testcase time="0.024" classname="stat_km" name="stat_km_works_as_expected"/>
    <testcase time="0.00100000000000033" classname="stat_km" name="stat_km_works_as_expected"/>
  </testsuite>
  <testsuite name="stat_km_compute" timestamp="2023-08-18T08:25:41Z" hostname="6e722e4bd603" tests="18" skipped="3" failures="0" errors="0" time="0.095">
    <testcase time="0.0139999999999998" classname="stat_km_compute" name="h_surv_fit_works_as_expected"/>
    <testcase time="0.00200000000000022" classname="stat_km_compute" name="h_surv_fit_works_as_expected"/>
    <testcase time="0.00099999999999989" classname="stat_km_compute" name="h_surv_fit_works_as_expected"/>
    <testcase time="0.00099999999999989" classname="stat_km_compute" name="h_surv_fit_works_as_expected"/>
    <testcase time="0.00099999999999989" classname="stat_km_compute" name="h_surv_fit_works_as_expected"/>
    <testcase time="0.00499999999999989" classname="stat_km_compute" name="h_surv_fit_works_as_expected"/>
    <testcase time="0.00300000000000011" classname="stat_km_compute" name="h_surv_fit_works_as_expected">
      <skipped message="Reason: On CRAN ('test-stat_km_compute.R:10:3')"/>
    </testcase>
    <testcase time="0.02" classname="stat_km_compute" name="h_surv_fit_also_works_when_there_is_only_a_single_observation"/>
    <testcase time="0.004" classname="stat_km_compute" name="h_surv_fit_also_works_when_there_is_only_a_single_observation"/>
    <testcase time="0.00499999999999989" classname="stat_km_compute" name="h_surv_fit_also_works_when_there_is_only_a_single_observation"/>
    <testcase time="0.0100000000000002" classname="stat_km_compute" name="stat_km_compute_works_as_expected"/>
    <testcase time="0.00099999999999989" classname="stat_km_compute" name="stat_km_compute_works_as_expected"/>
    <testcase time="0.00200000000000022" classname="stat_km_compute" name="stat_km_compute_works_as_expected"/>
    <testcase time="0.00199999999999978" classname="stat_km_compute" name="stat_km_compute_works_as_expected">
      <skipped message="Reason: On CRAN ('test-stat_km_compute.R:29:3')"/>
    </testcase>
    <testcase time="0.02" classname="stat_km_compute" name="stat_km_ticks_compute_works_as_expected"/>
    <testcase time="0.00099999999999989" classname="stat_km_compute" name="stat_km_ticks_compute_works_as_expected"/>
    <testcase time="0.00100000000000033" classname="stat_km_compute" name="stat_km_ticks_compute_works_as_expected"/>
    <testcase time="0.00199999999999978" classname="stat_km_compute" name="stat_km_ticks_compute_works_as_expected">
      <skipped message="Reason: On CRAN ('test-stat_km_compute.R:38:3')"/>
    </testcase>
  </testsuite>
  <testsuite name="stat_km_ticks" timestamp="2023-08-18T08:25:41Z" hostname="6e722e4bd603" tests="4" skipped="0" failures="0" errors="0" time="0.052">
    <testcase time="0.0249999999999999" classname="stat_km_ticks" name="stat_km_ticks_works_as_expected"/>
    <testcase time="0.00100000000000033" classname="stat_km_ticks" name="stat_km_ticks_works_as_expected"/>
    <testcase time="0.0249999999999999" classname="stat_km_ticks" name="stat_km_ticks_works_as_expected"/>
    <testcase time="0.00099999999999989" classname="stat_km_ticks" name="stat_km_ticks_works_as_expected"/>
  </testsuite>
  <testsuite name="stat_n_text" timestamp="2023-08-18T08:25:41Z" hostname="6e722e4bd603" tests="2" skipped="0" failures="0" errors="0" time="0.019">
    <testcase time="0.0179999999999998" classname="stat_n_text" name="stat_n_text_works_as_expected"/>
    <testcase time="0.00100000000000033" classname="stat_n_text" name="stat_n_text_works_as_expected"/>
  </testsuite>
  <testsuite name="stat_prop" timestamp="2023-08-18T08:25:41Z" hostname="6e722e4bd603" tests="2" skipped="0" failures="0" errors="0" time="0.024">
    <testcase time="0.0229999999999997" classname="stat_prop" name="stat_prop_works_as_expected"/>
    <testcase time="0.00100000000000033" classname="stat_prop" name="stat_prop_works_as_expected"/>
  </testsuite>
  <testsuite name="table_themes" timestamp="2023-08-18T08:25:41Z" hostname="6e722e4bd603" tests="1" skipped="0" failures="0" errors="0" time="0.167">
    <testcase time="0.167" classname="table_themes" name="ttheme_set_works_as_expected_but_is_not_baked_into_objects"/>
  </testsuite>
  <testsuite name="ttheme_set" timestamp="2023-08-18T08:25:41Z" hostname="6e722e4bd603" tests="8" skipped="0" failures="0" errors="0" time="1.861">
    <testcase time="0.298" classname="ttheme_set" name="table_themes_can_be_used_and_work"/>
    <testcase time="0.223" classname="ttheme_set" name="table_themes_can_be_used_and_work"/>
    <testcase time="0.239" classname="ttheme_set" name="table_themes_can_be_used_and_work"/>
    <testcase time="0.216" classname="ttheme_set" name="table_themes_can_be_used_and_work"/>
    <testcase time="0.222" classname="ttheme_set" name="table_themes_can_be_used_and_work"/>
    <testcase time="0.216" classname="ttheme_set" name="table_themes_can_be_used_and_work"/>
    <testcase time="0.224" classname="ttheme_set" name="table_themes_can_be_used_and_work"/>
    <testcase time="0.223" classname="ttheme_set" name="table_themes_can_be_used_and_work"/>
  </testsuite>
</testsuites>
