<?xml version="1.0" encoding="UTF-8"?>
<testsuites>
  <testsuite name="geom_table" timestamp="2023-05-04T19:33:49Z" hostname="93e518cb3314" tests="4" skipped="0" failures="0" errors="0" time="0.106">
    <testcase time="0.0630000000000001" classname="geom_table" name="geom_table_works_as_expected"/>
    <testcase time="0.017" classname="geom_table" name="geom_table_works_as_expected"/>
    <testcase time="0.0249999999999999" classname="geom_table" name="geom_table_npc_works_as_expected"/>
    <testcase time="0.001" classname="geom_table" name="geom_table_npc_works_as_expected"/>
  </testsuite>
  <testsuite name="stat_n_text" timestamp="2023-05-04T19:33:49Z" hostname="93e518cb3314" tests="2" skipped="0" failures="0" errors="0" time="0.019">
    <testcase time="0.018" classname="stat_n_text" name="stat_n_text_works_as_expected"/>
    <testcase time="0.001" classname="stat_n_text" name="stat_n_text_works_as_expected"/>
  </testsuite>
  <testsuite name="stat_prop" timestamp="2023-05-04T19:33:49Z" hostname="93e518cb3314" tests="2" skipped="0" failures="0" errors="0" time="0.027">
    <testcase time="0.026" classname="stat_prop" name="stat_prop_works_as_expected"/>
    <testcase time="0.00100000000000011" classname="stat_prop" name="stat_prop_works_as_expected"/>
  </testsuite>
  <testsuite name="table_themes" timestamp="2023-05-04T19:33:49Z" hostname="93e518cb3314" tests="1" skipped="0" failures="0" errors="0" time="0.059">
    <testcase time="0.0589999999999999" classname="table_themes" name="ttheme_set_works_as_expected_but_is_not_baked_into_objects"/>
  </testsuite>
  <testsuite name="ttheme_set" timestamp="2023-05-04T19:33:50Z" hostname="93e518cb3314" tests="1" skipped="1" failures="0" errors="0" time="1.548">
    <testcase time="1.548" classname="ttheme_set" name="table_themes_can_be_used_and_work">
      <skipped message="Reason: empty test ('test-ttheme_set.R:15:1')"/>
    </testcase>
  </testsuite>
  <testsuite name="test" timestamp="2023-05-04T19:33:51Z" hostname="93e518cb3314" tests="1" skipped="0" failures="0" errors="0" time="0.029">
    <testcase time="0.0290000000000004" classname="test" name="loading_ggplot2.utils_works"/>
  </testsuite>
</testsuites>
