<?xml version="1.0" encoding="UTF-8"?>
<testsuites>
  <testsuite name="geom_km" timestamp="2023-06-24T07:23:33Z" hostname="0b96fd170a23" tests="6" skipped="2" failures="0" errors="0" time="1.058">
    <testcase time="0.0379999999999998" classname="geom_km" name="geom_km_works_as_expected"/>
    <testcase time="0.0310000000000001" classname="geom_km" name="geom_km_works_as_expected"/>
    <testcase time="0.148" classname="geom_km" name="geom_km_works_as_expected"/>
    <testcase time="0.00200000000000022" classname="geom_km" name="geom_km_works_as_expected"/>
    <testcase time="0.442" classname="geom_km" name="geom_km_looks_as_expected_for_a_single_group">
      <skipped message="Reason: On CRAN ('test-geom_km.R:22:3')"/>
    </testcase>
    <testcase time="0.397" classname="geom_km" name="geom_km_looks_as_expected_for_two_groups">
      <skipped message="Reason: On CRAN ('test-geom_km.R:28:3')"/>
    </testcase>
  </testsuite>
  <testsuite name="geom_km_ticks" timestamp="2023-06-24T07:23:34Z" hostname="0b96fd170a23" tests="6" skipped="2" failures="0" errors="0" time="0.498">
    <testcase time="0.0880000000000001" classname="geom_km_ticks" name="geom_km_ticks_works_as_expected"/>
    <testcase time="0.00199999999999978" classname="geom_km_ticks" name="geom_km_ticks_works_as_expected"/>
    <testcase time="0.0329999999999999" classname="geom_km_ticks" name="geom_km_ticks_works_as_expected"/>
    <testcase time="0.00200000000000022" classname="geom_km_ticks" name="geom_km_ticks_works_as_expected"/>
    <testcase time="0.15" classname="geom_km_ticks" name="geom_km_ticks_looks_as_expected_for_a_single_group">
      <skipped message="Reason: On CRAN ('test-geom_km_ticks.R:23:3')"/>
    </testcase>
    <testcase time="0.223" classname="geom_km_ticks" name="geom_km_ticks_looks_as_expected_for_two_groups">
      <skipped message="Reason: On CRAN ('test-geom_km_ticks.R:29:3')"/>
    </testcase>
  </testsuite>
  <testsuite name="geom_table" timestamp="2023-06-24T07:23:34Z" hostname="0b96fd170a23" tests="4" skipped="0" failures="0" errors="0" time="0.142">
    <testcase time="0.111" classname="geom_table" name="geom_table_works_as_expected"/>
    <testcase time="0.00100000000000033" classname="geom_table" name="geom_table_works_as_expected"/>
    <testcase time="0.0289999999999999" classname="geom_table" name="geom_table_npc_works_as_expected"/>
    <testcase time="0.000999999999999446" classname="geom_table" name="geom_table_npc_works_as_expected"/>
  </testsuite>
  <testsuite name="stat_km" timestamp="2023-06-24T07:23:34Z" hostname="0b96fd170a23" tests="4" skipped="0" failures="0" errors="0" time="0.054">
    <testcase time="0.0190000000000001" classname="stat_km" name="stat_km_works_as_expected"/>
    <testcase time="0.00199999999999978" classname="stat_km" name="stat_km_works_as_expected"/>
    <testcase time="0.0310000000000006" classname="stat_km" name="stat_km_works_as_expected"/>
    <testcase time="0.00199999999999978" classname="stat_km" name="stat_km_works_as_expected"/>
  </testsuite>
  <testsuite name="stat_km_compute" timestamp="2023-06-24T07:23:34Z" hostname="0b96fd170a23" tests="18" skipped="3" failures="0" errors="0" time="0.133">
    <testcase time="0.0200000000000005" classname="stat_km_compute" name="h_surv_fit_works_as_expected"/>
    <testcase time="0.00199999999999978" classname="stat_km_compute" name="h_surv_fit_works_as_expected"/>
    <testcase time="0.000999999999999446" classname="stat_km_compute" name="h_surv_fit_works_as_expected"/>
    <testcase time="0.00200000000000067" classname="stat_km_compute" name="h_surv_fit_works_as_expected"/>
    <testcase time="0.000999999999999446" classname="stat_km_compute" name="h_surv_fit_works_as_expected"/>
    <testcase time="0.00700000000000056" classname="stat_km_compute" name="h_surv_fit_works_as_expected"/>
    <testcase time="0.00399999999999956" classname="stat_km_compute" name="h_surv_fit_works_as_expected">
      <skipped message="Reason: On CRAN ('test-stat_km_compute.R:10:3')"/>
    </testcase>
    <testcase time="0.0280000000000005" classname="stat_km_compute" name="h_surv_fit_also_works_when_there_is_only_a_single_observation"/>
    <testcase time="0.00599999999999934" classname="stat_km_compute" name="h_surv_fit_also_works_when_there_is_only_a_single_observation"/>
    <testcase time="0.00600000000000023" classname="stat_km_compute" name="h_surv_fit_also_works_when_there_is_only_a_single_observation"/>
    <testcase time="0.0140000000000002" classname="stat_km_compute" name="stat_km_compute_works_as_expected"/>
    <testcase time="0.00199999999999978" classname="stat_km_compute" name="stat_km_compute_works_as_expected"/>
    <testcase time="0.00199999999999978" classname="stat_km_compute" name="stat_km_compute_works_as_expected"/>
    <testcase time="0.00200000000000067" classname="stat_km_compute" name="stat_km_compute_works_as_expected">
      <skipped message="Reason: On CRAN ('test-stat_km_compute.R:29:3')"/>
    </testcase>
    <testcase time="0.0289999999999999" classname="stat_km_compute" name="stat_km_ticks_compute_works_as_expected"/>
    <testcase time="0.00199999999999978" classname="stat_km_compute" name="stat_km_ticks_compute_works_as_expected"/>
    <testcase time="0.00199999999999978" classname="stat_km_compute" name="stat_km_ticks_compute_works_as_expected"/>
    <testcase time="0.00300000000000011" classname="stat_km_compute" name="stat_km_ticks_compute_works_as_expected">
      <skipped message="Reason: On CRAN ('test-stat_km_compute.R:38:3')"/>
    </testcase>
  </testsuite>
  <testsuite name="stat_km_ticks" timestamp="2023-06-24T07:23:34Z" hostname="0b96fd170a23" tests="4" skipped="0" failures="0" errors="0" time="0.07">
    <testcase time="0.0330000000000004" classname="stat_km_ticks" name="stat_km_ticks_works_as_expected"/>
    <testcase time="0.00199999999999978" classname="stat_km_ticks" name="stat_km_ticks_works_as_expected"/>
    <testcase time="0.0339999999999998" classname="stat_km_ticks" name="stat_km_ticks_works_as_expected"/>
    <testcase time="0.00100000000000033" classname="stat_km_ticks" name="stat_km_ticks_works_as_expected"/>
  </testsuite>
  <testsuite name="stat_n_text" timestamp="2023-06-24T07:23:35Z" hostname="0b96fd170a23" tests="2" skipped="0" failures="0" errors="0" time="0.028">
    <testcase time="0.0259999999999998" classname="stat_n_text" name="stat_n_text_works_as_expected"/>
    <testcase time="0.00199999999999978" classname="stat_n_text" name="stat_n_text_works_as_expected"/>
  </testsuite>
  <testsuite name="stat_prop" timestamp="2023-06-24T07:23:35Z" hostname="0b96fd170a23" tests="2" skipped="0" failures="0" errors="0" time="0.03">
    <testcase time="0.0289999999999999" classname="stat_prop" name="stat_prop_works_as_expected"/>
    <testcase time="0.00100000000000033" classname="stat_prop" name="stat_prop_works_as_expected"/>
  </testsuite>
  <testsuite name="table_themes" timestamp="2023-06-24T07:23:35Z" hostname="0b96fd170a23" tests="1" skipped="0" failures="0" errors="0" time="0.232">
    <testcase time="0.232" classname="table_themes" name="ttheme_set_works_as_expected_but_is_not_baked_into_objects"/>
  </testsuite>
  <testsuite name="ttheme_set" timestamp="2023-06-24T07:23:35Z" hostname="0b96fd170a23" tests="8" skipped="0" failures="0" errors="0" time="2.457">
    <testcase time="0.369" classname="ttheme_set" name="table_themes_can_be_used_and_work"/>
    <testcase time="0.305" classname="ttheme_set" name="table_themes_can_be_used_and_work"/>
    <testcase time="0.301" classname="ttheme_set" name="table_themes_can_be_used_and_work"/>
    <testcase time="0.289" classname="ttheme_set" name="table_themes_can_be_used_and_work"/>
    <testcase time="0.314" classname="ttheme_set" name="table_themes_can_be_used_and_work"/>
    <testcase time="0.294" classname="ttheme_set" name="table_themes_can_be_used_and_work"/>
    <testcase time="0.298" classname="ttheme_set" name="table_themes_can_be_used_and_work"/>
    <testcase time="0.287000000000001" classname="ttheme_set" name="table_themes_can_be_used_and_work"/>
  </testsuite>
</testsuites>
