<?xml version="1.0" encoding="UTF-8"?>
<testsuites>
  <testsuite name="geom_km" timestamp="2023-08-21T15:20:34Z" hostname="0bf03a93ff5c" tests="6" skipped="2" failures="0" errors="0" time="0.723">
    <testcase time="0.0329999999999999" classname="geom_km" name="geom_km_works_as_expected"/>
    <testcase time="0.0190000000000001" classname="geom_km" name="geom_km_works_as_expected"/>
    <testcase time="0.108" classname="geom_km" name="geom_km_works_as_expected"/>
    <testcase time="0.00100000000000011" classname="geom_km" name="geom_km_works_as_expected"/>
    <testcase time="0.294" classname="geom_km" name="geom_km_looks_as_expected_for_a_single_group">
      <skipped message="Reason: On CRAN ('test-geom_km.R:22:3')"/>
    </testcase>
    <testcase time="0.268" classname="geom_km" name="geom_km_looks_as_expected_for_two_groups">
      <skipped message="Reason: On CRAN ('test-geom_km.R:28:3')"/>
    </testcase>
  </testsuite>
  <testsuite name="geom_km_ticks" timestamp="2023-08-21T15:20:34Z" hostname="0bf03a93ff5c" tests="6" skipped="2" failures="0" errors="0" time="0.326">
    <testcase time="0.0609999999999999" classname="geom_km_ticks" name="geom_km_ticks_works_as_expected"/>
    <testcase time="0.00100000000000033" classname="geom_km_ticks" name="geom_km_ticks_works_as_expected"/>
    <testcase time="0.02" classname="geom_km_ticks" name="geom_km_ticks_works_as_expected"/>
    <testcase time="0.00199999999999978" classname="geom_km_ticks" name="geom_km_ticks_works_as_expected"/>
    <testcase time="0.0920000000000001" classname="geom_km_ticks" name="geom_km_ticks_looks_as_expected_for_a_single_group">
      <skipped message="Reason: On CRAN ('test-geom_km_ticks.R:23:3')"/>
    </testcase>
    <testcase time="0.15" classname="geom_km_ticks" name="geom_km_ticks_looks_as_expected_for_two_groups">
      <skipped message="Reason: On CRAN ('test-geom_km_ticks.R:29:3')"/>
    </testcase>
  </testsuite>
  <testsuite name="geom_table" timestamp="2023-08-21T15:20:35Z" hostname="0bf03a93ff5c" tests="4" skipped="0" failures="0" errors="0" time="0.108">
    <testcase time="0.085" classname="geom_table" name="geom_table_works_as_expected"/>
    <testcase time="0.00099999999999989" classname="geom_table" name="geom_table_works_as_expected"/>
    <testcase time="0.0210000000000004" classname="geom_table" name="geom_table_npc_works_as_expected"/>
    <testcase time="0.00099999999999989" classname="geom_table" name="geom_table_npc_works_as_expected"/>
  </testsuite>
  <testsuite name="stat_km" timestamp="2023-08-21T15:20:35Z" hostname="0bf03a93ff5c" tests="4" skipped="0" failures="0" errors="0" time="0.037">
    <testcase time="0.0139999999999998" classname="stat_km" name="stat_km_works_as_expected"/>
    <testcase time="0.00099999999999989" classname="stat_km" name="stat_km_works_as_expected"/>
    <testcase time="0.0209999999999999" classname="stat_km" name="stat_km_works_as_expected"/>
    <testcase time="0.00099999999999989" classname="stat_km" name="stat_km_works_as_expected"/>
  </testsuite>
  <testsuite name="stat_km_compute" timestamp="2023-08-21T15:20:35Z" hostname="0bf03a93ff5c" tests="18" skipped="3" failures="0" errors="0" time="0.084">
    <testcase time="0.0130000000000003" classname="stat_km_compute" name="h_surv_fit_works_as_expected"/>
    <testcase time="0.00099999999999989" classname="stat_km_compute" name="h_surv_fit_works_as_expected"/>
    <testcase time="0.00099999999999989" classname="stat_km_compute" name="h_surv_fit_works_as_expected"/>
    <testcase time="0.00099999999999989" classname="stat_km_compute" name="h_surv_fit_works_as_expected"/>
    <testcase time="0.00100000000000033" classname="stat_km_compute" name="h_surv_fit_works_as_expected"/>
    <testcase time="0.004" classname="stat_km_compute" name="h_surv_fit_works_as_expected"/>
    <testcase time="0.00299999999999967" classname="stat_km_compute" name="h_surv_fit_works_as_expected">
      <skipped message="Reason: On CRAN ('test-stat_km_compute.R:10:3')"/>
    </testcase>
    <testcase time="0.0170000000000003" classname="stat_km_compute" name="h_surv_fit_also_works_when_there_is_only_a_single_observation"/>
    <testcase time="0.00399999999999956" classname="stat_km_compute" name="h_surv_fit_also_works_when_there_is_only_a_single_observation"/>
    <testcase time="0.004" classname="stat_km_compute" name="h_surv_fit_also_works_when_there_is_only_a_single_observation"/>
    <testcase time="0.00900000000000034" classname="stat_km_compute" name="stat_km_compute_works_as_expected"/>
    <testcase time="0.00099999999999989" classname="stat_km_compute" name="stat_km_compute_works_as_expected"/>
    <testcase time="0.00099999999999989" classname="stat_km_compute" name="stat_km_compute_works_as_expected"/>
    <testcase time="0.00200000000000022" classname="stat_km_compute" name="stat_km_compute_works_as_expected">
      <skipped message="Reason: On CRAN ('test-stat_km_compute.R:29:3')"/>
    </testcase>
    <testcase time="0.0179999999999998" classname="stat_km_compute" name="stat_km_ticks_compute_works_as_expected"/>
    <testcase time="0.00099999999999989" classname="stat_km_compute" name="stat_km_ticks_compute_works_as_expected"/>
    <testcase time="0.00100000000000033" classname="stat_km_compute" name="stat_km_ticks_compute_works_as_expected"/>
    <testcase time="0.00199999999999978" classname="stat_km_compute" name="stat_km_ticks_compute_works_as_expected">
      <skipped message="Reason: On CRAN ('test-stat_km_compute.R:38:3')"/>
    </testcase>
  </testsuite>
  <testsuite name="stat_km_ticks" timestamp="2023-08-21T15:20:35Z" hostname="0bf03a93ff5c" tests="4" skipped="0" failures="0" errors="0" time="0.047">
    <testcase time="0.0230000000000001" classname="stat_km_ticks" name="stat_km_ticks_works_as_expected"/>
    <testcase time="0.00099999999999989" classname="stat_km_ticks" name="stat_km_ticks_works_as_expected"/>
    <testcase time="0.0220000000000002" classname="stat_km_ticks" name="stat_km_ticks_works_as_expected"/>
    <testcase time="0.00099999999999989" classname="stat_km_ticks" name="stat_km_ticks_works_as_expected"/>
  </testsuite>
  <testsuite name="stat_n_text" timestamp="2023-08-21T15:20:35Z" hostname="0bf03a93ff5c" tests="2" skipped="0" failures="0" errors="0" time="0.018">
    <testcase time="0.0169999999999999" classname="stat_n_text" name="stat_n_text_works_as_expected"/>
    <testcase time="0.00099999999999989" classname="stat_n_text" name="stat_n_text_works_as_expected"/>
  </testsuite>
  <testsuite name="stat_prop" timestamp="2023-08-21T15:20:35Z" hostname="0bf03a93ff5c" tests="2" skipped="0" failures="0" errors="0" time="0.021">
    <testcase time="0.02" classname="stat_prop" name="stat_prop_works_as_expected"/>
    <testcase time="0.00100000000000033" classname="stat_prop" name="stat_prop_works_as_expected"/>
  </testsuite>
  <testsuite name="table_themes" timestamp="2023-08-21T15:20:35Z" hostname="0bf03a93ff5c" tests="1" skipped="0" failures="0" errors="0" time="0.137">
    <testcase time="0.137" classname="table_themes" name="ttheme_set_works_as_expected_but_is_not_baked_into_objects"/>
  </testsuite>
  <testsuite name="ttheme_set" timestamp="2023-08-21T15:20:35Z" hostname="0bf03a93ff5c" tests="8" skipped="0" failures="0" errors="0" time="1.56">
    <testcase time="0.25" classname="ttheme_set" name="table_themes_can_be_used_and_work"/>
    <testcase time="0.183" classname="ttheme_set" name="table_themes_can_be_used_and_work"/>
    <testcase time="0.202" classname="ttheme_set" name="table_themes_can_be_used_and_work"/>
    <testcase time="0.177" classname="ttheme_set" name="table_themes_can_be_used_and_work"/>
    <testcase time="0.188000000000001" classname="ttheme_set" name="table_themes_can_be_used_and_work"/>
    <testcase time="0.181999999999999" classname="ttheme_set" name="table_themes_can_be_used_and_work"/>
    <testcase time="0.186" classname="ttheme_set" name="table_themes_can_be_used_and_work"/>
    <testcase time="0.192" classname="ttheme_set" name="table_themes_can_be_used_and_work"/>
  </testsuite>
</testsuites>
