<?xml version="1.0" encoding="UTF-8"?>
<testsuites>
  <testsuite name="geom_km" timestamp="2023-06-28T08:05:28Z" hostname="43fb5f28d026" tests="6" skipped="2" failures="0" errors="0" time="0.631">
    <testcase time="0.024" classname="geom_km" name="geom_km_works_as_expected"/>
    <testcase time="0.018" classname="geom_km" name="geom_km_works_as_expected"/>
    <testcase time="0.0940000000000001" classname="geom_km" name="geom_km_works_as_expected"/>
    <testcase time="0.00199999999999978" classname="geom_km" name="geom_km_works_as_expected"/>
    <testcase time="0.251" classname="geom_km" name="geom_km_looks_as_expected_for_a_single_group">
      <skipped message="Reason: On CRAN ('test-geom_km.R:22:3')"/>
    </testcase>
    <testcase time="0.242" classname="geom_km" name="geom_km_looks_as_expected_for_two_groups">
      <skipped message="Reason: On CRAN ('test-geom_km.R:28:3')"/>
    </testcase>
  </testsuite>
  <testsuite name="geom_km_ticks" timestamp="2023-06-28T08:05:29Z" hostname="43fb5f28d026" tests="6" skipped="2" failures="0" errors="0" time="0.301">
    <testcase time="0.056" classname="geom_km_ticks" name="geom_km_ticks_works_as_expected"/>
    <testcase time="0.00099999999999989" classname="geom_km_ticks" name="geom_km_ticks_works_as_expected"/>
    <testcase time="0.0190000000000001" classname="geom_km_ticks" name="geom_km_ticks_works_as_expected"/>
    <testcase time="0.00099999999999989" classname="geom_km_ticks" name="geom_km_ticks_works_as_expected"/>
    <testcase time="0.0870000000000002" classname="geom_km_ticks" name="geom_km_ticks_looks_as_expected_for_a_single_group">
      <skipped message="Reason: On CRAN ('test-geom_km_ticks.R:23:3')"/>
    </testcase>
    <testcase time="0.137" classname="geom_km_ticks" name="geom_km_ticks_looks_as_expected_for_two_groups">
      <skipped message="Reason: On CRAN ('test-geom_km_ticks.R:29:3')"/>
    </testcase>
  </testsuite>
  <testsuite name="geom_table" timestamp="2023-06-28T08:05:29Z" hostname="43fb5f28d026" tests="4" skipped="0" failures="0" errors="0" time="0.096">
    <testcase time="0.0760000000000001" classname="geom_table" name="geom_table_works_as_expected"/>
    <testcase time="0.00099999999999989" classname="geom_table" name="geom_table_works_as_expected"/>
    <testcase time="0.0179999999999998" classname="geom_table" name="geom_table_npc_works_as_expected"/>
    <testcase time="0.00100000000000033" classname="geom_table" name="geom_table_npc_works_as_expected"/>
  </testsuite>
  <testsuite name="stat_km" timestamp="2023-06-28T08:05:29Z" hostname="43fb5f28d026" tests="4" skipped="0" failures="0" errors="0" time="0.032">
    <testcase time="0.0109999999999997" classname="stat_km" name="stat_km_works_as_expected"/>
    <testcase time="0.00099999999999989" classname="stat_km" name="stat_km_works_as_expected"/>
    <testcase time="0.0190000000000001" classname="stat_km" name="stat_km_works_as_expected"/>
    <testcase time="0.00099999999999989" classname="stat_km" name="stat_km_works_as_expected"/>
  </testsuite>
  <testsuite name="stat_km_compute" timestamp="2023-06-28T08:05:29Z" hostname="43fb5f28d026" tests="18" skipped="3" failures="0" errors="0" time="0.074">
    <testcase time="0.0110000000000001" classname="stat_km_compute" name="h_surv_fit_works_as_expected"/>
    <testcase time="0.00099999999999989" classname="stat_km_compute" name="h_surv_fit_works_as_expected"/>
    <testcase time="0.00100000000000033" classname="stat_km_compute" name="h_surv_fit_works_as_expected"/>
    <testcase time="0.00099999999999989" classname="stat_km_compute" name="h_surv_fit_works_as_expected"/>
    <testcase time="0.00099999999999989" classname="stat_km_compute" name="h_surv_fit_works_as_expected"/>
    <testcase time="0.00300000000000011" classname="stat_km_compute" name="h_surv_fit_works_as_expected"/>
    <testcase time="0.00300000000000011" classname="stat_km_compute" name="h_surv_fit_works_as_expected">
      <skipped message="Reason: On CRAN ('test-stat_km_compute.R:10:3')"/>
    </testcase>
    <testcase time="0.0149999999999997" classname="stat_km_compute" name="h_surv_fit_also_works_when_there_is_only_a_single_observation"/>
    <testcase time="0.004" classname="stat_km_compute" name="h_surv_fit_also_works_when_there_is_only_a_single_observation"/>
    <testcase time="0.00300000000000011" classname="stat_km_compute" name="h_surv_fit_also_works_when_there_is_only_a_single_observation"/>
    <testcase time="0.00800000000000001" classname="stat_km_compute" name="stat_km_compute_works_as_expected"/>
    <testcase time="0.00099999999999989" classname="stat_km_compute" name="stat_km_compute_works_as_expected"/>
    <testcase time="0.00100000000000033" classname="stat_km_compute" name="stat_km_compute_works_as_expected"/>
    <testcase time="0.00199999999999978" classname="stat_km_compute" name="stat_km_compute_works_as_expected">
      <skipped message="Reason: On CRAN ('test-stat_km_compute.R:29:3')"/>
    </testcase>
    <testcase time="0.0150000000000001" classname="stat_km_compute" name="stat_km_ticks_compute_works_as_expected"/>
    <testcase time="0.00099999999999989" classname="stat_km_compute" name="stat_km_ticks_compute_works_as_expected"/>
    <testcase time="0.00100000000000033" classname="stat_km_compute" name="stat_km_ticks_compute_works_as_expected"/>
    <testcase time="0.00199999999999978" classname="stat_km_compute" name="stat_km_ticks_compute_works_as_expected">
      <skipped message="Reason: On CRAN ('test-stat_km_compute.R:38:3')"/>
    </testcase>
  </testsuite>
  <testsuite name="stat_km_ticks" timestamp="2023-06-28T08:05:29Z" hostname="43fb5f28d026" tests="4" skipped="0" failures="0" errors="0" time="0.039">
    <testcase time="0.0190000000000001" classname="stat_km_ticks" name="stat_km_ticks_works_as_expected"/>
    <testcase time="0" classname="stat_km_ticks" name="stat_km_ticks_works_as_expected"/>
    <testcase time="0.0190000000000001" classname="stat_km_ticks" name="stat_km_ticks_works_as_expected"/>
    <testcase time="0.00099999999999989" classname="stat_km_ticks" name="stat_km_ticks_works_as_expected"/>
  </testsuite>
  <testsuite name="stat_n_text" timestamp="2023-06-28T08:05:29Z" hostname="43fb5f28d026" tests="2" skipped="0" failures="0" errors="0" time="0.016">
    <testcase time="0.0150000000000001" classname="stat_n_text" name="stat_n_text_works_as_expected"/>
    <testcase time="0.00099999999999989" classname="stat_n_text" name="stat_n_text_works_as_expected"/>
  </testsuite>
  <testsuite name="stat_prop" timestamp="2023-06-28T08:05:29Z" hostname="43fb5f28d026" tests="2" skipped="0" failures="0" errors="0" time="0.018">
    <testcase time="0.0169999999999999" classname="stat_prop" name="stat_prop_works_as_expected"/>
    <testcase time="0.00100000000000033" classname="stat_prop" name="stat_prop_works_as_expected"/>
  </testsuite>
  <testsuite name="table_themes" timestamp="2023-06-28T08:05:29Z" hostname="43fb5f28d026" tests="1" skipped="0" failures="0" errors="0" time="0.128">
    <testcase time="0.128" classname="table_themes" name="ttheme_set_works_as_expected_but_is_not_baked_into_objects"/>
  </testsuite>
  <testsuite name="ttheme_set" timestamp="2023-06-28T08:05:29Z" hostname="43fb5f28d026" tests="8" skipped="0" failures="0" errors="0" time="1.406">
    <testcase time="0.221" classname="ttheme_set" name="table_themes_can_be_used_and_work"/>
    <testcase time="0.169" classname="ttheme_set" name="table_themes_can_be_used_and_work"/>
    <testcase time="0.167" classname="ttheme_set" name="table_themes_can_be_used_and_work"/>
    <testcase time="0.164" classname="ttheme_set" name="table_themes_can_be_used_and_work"/>
    <testcase time="0.182" classname="ttheme_set" name="table_themes_can_be_used_and_work"/>
    <testcase time="0.163" classname="ttheme_set" name="table_themes_can_be_used_and_work"/>
    <testcase time="0.17" classname="ttheme_set" name="table_themes_can_be_used_and_work"/>
    <testcase time="0.17" classname="ttheme_set" name="table_themes_can_be_used_and_work"/>
  </testsuite>
</testsuites>
