<?xml version="1.0" encoding="UTF-8"?>
<testsuites>
  <testsuite name="geom_km" timestamp="2023-06-20T12:08:43Z" hostname="32f5fdef1b6c" tests="6" skipped="2" failures="0" errors="0" time="0.781">
    <testcase time="0.028" classname="geom_km" name="geom_km_works_as_expected"/>
    <testcase time="0.0230000000000001" classname="geom_km" name="geom_km_works_as_expected"/>
    <testcase time="0.12" classname="geom_km" name="geom_km_works_as_expected"/>
    <testcase time="0.00199999999999978" classname="geom_km" name="geom_km_works_as_expected"/>
    <testcase time="0.309" classname="geom_km" name="geom_km_looks_as_expected_for_a_single_group">
      <skipped message="Reason: On CRAN ('test-geom_km.R:22:3')"/>
    </testcase>
    <testcase time="0.299" classname="geom_km" name="geom_km_looks_as_expected_for_two_groups">
      <skipped message="Reason: On CRAN ('test-geom_km.R:28:3')"/>
    </testcase>
  </testsuite>
  <testsuite name="geom_km_ticks" timestamp="2023-06-20T12:08:44Z" hostname="32f5fdef1b6c" tests="6" skipped="2" failures="0" errors="0" time="0.384">
    <testcase time="0.0740000000000003" classname="geom_km_ticks" name="geom_km_ticks_works_as_expected"/>
    <testcase time="0.00199999999999978" classname="geom_km_ticks" name="geom_km_ticks_works_as_expected"/>
    <testcase time="0.024" classname="geom_km_ticks" name="geom_km_ticks_works_as_expected"/>
    <testcase time="0.00099999999999989" classname="geom_km_ticks" name="geom_km_ticks_works_as_expected"/>
    <testcase time="0.109" classname="geom_km_ticks" name="geom_km_ticks_looks_as_expected_for_a_single_group">
      <skipped message="Reason: On CRAN ('test-geom_km_ticks.R:23:3')"/>
    </testcase>
    <testcase time="0.174" classname="geom_km_ticks" name="geom_km_ticks_looks_as_expected_for_two_groups">
      <skipped message="Reason: On CRAN ('test-geom_km_ticks.R:29:3')"/>
    </testcase>
  </testsuite>
  <testsuite name="geom_table" timestamp="2023-06-20T12:08:44Z" hostname="32f5fdef1b6c" tests="4" skipped="0" failures="0" errors="0" time="0.116">
    <testcase time="0.0940000000000003" classname="geom_table" name="geom_table_works_as_expected"/>
    <testcase time="0.00199999999999978" classname="geom_table" name="geom_table_works_as_expected"/>
    <testcase time="0.0190000000000001" classname="geom_table" name="geom_table_npc_works_as_expected"/>
    <testcase time="0.00099999999999989" classname="geom_table" name="geom_table_npc_works_as_expected"/>
  </testsuite>
  <testsuite name="stat_km" timestamp="2023-06-20T12:08:44Z" hostname="32f5fdef1b6c" tests="4" skipped="0" failures="0" errors="0" time="0.037">
    <testcase time="0.012" classname="stat_km" name="stat_km_works_as_expected"/>
    <testcase time="0.00099999999999989" classname="stat_km" name="stat_km_works_as_expected"/>
    <testcase time="0.0230000000000001" classname="stat_km" name="stat_km_works_as_expected"/>
    <testcase time="0.00099999999999989" classname="stat_km" name="stat_km_works_as_expected"/>
  </testsuite>
  <testsuite name="stat_km_compute" timestamp="2023-06-20T12:08:44Z" hostname="32f5fdef1b6c" tests="28" skipped="3" failures="0" errors="0" time="0.145">
    <testcase time="0.012" classname="stat_km_compute" name="h_surv_fit_works_as_expected"/>
    <testcase time="0.00100000000000033" classname="stat_km_compute" name="h_surv_fit_works_as_expected"/>
    <testcase time="0.00099999999999989" classname="stat_km_compute" name="h_surv_fit_works_as_expected"/>
    <testcase time="0.00099999999999989" classname="stat_km_compute" name="h_surv_fit_works_as_expected"/>
    <testcase time="0.00100000000000033" classname="stat_km_compute" name="h_surv_fit_works_as_expected"/>
    <testcase time="0.012" classname="stat_km_compute" name="h_surv_fit_works_as_expected"/>
    <testcase time="0.00299999999999967" classname="stat_km_compute" name="h_surv_fit_works_as_expected">
      <skipped message="Reason: On CRAN ('test-stat_km_compute.R:10:3')"/>
    </testcase>
    <testcase time="0.0170000000000003" classname="stat_km_compute" name="h_surv_fit_also_works_when_there_is_only_a_single_observation"/>
    <testcase time="0.004" classname="stat_km_compute" name="h_surv_fit_also_works_when_there_is_only_a_single_observation"/>
    <testcase time="0.00499999999999989" classname="stat_km_compute" name="h_surv_fit_also_works_when_there_is_only_a_single_observation"/>
    <testcase time="0.00499999999999989" classname="stat_km_compute" name="h_step_returns_NULL_as_expected_when_no_finite_values_exist"/>
    <testcase time="0.00499999999999989" classname="stat_km_compute" name="h_step_returns_NULL_as_expected_when_no_finite_values_exist"/>
    <testcase time="0.00600000000000023" classname="stat_km_compute" name="h_step_works_as_expected_for_length_1"/>
    <testcase time="0.004" classname="stat_km_compute" name="h_step_works_as_expected_for_length_1"/>
    <testcase time="0.00599999999999978" classname="stat_km_compute" name="h_step_works_as_expected_for_length_2"/>
    <testcase time="0.00499999999999989" classname="stat_km_compute" name="h_step_works_as_expected_for_length_2"/>
    <testcase time="0.00600000000000023" classname="stat_km_compute" name="h_step_works_as_expected_for_longer_vectors_with_plateaus"/>
    <testcase time="0.004" classname="stat_km_compute" name="h_step_works_as_expected_for_longer_vectors_with_plateaus"/>
    <testcase time="0.00599999999999978" classname="stat_km_compute" name="h_step_works_discards_NA_and_Inf_as_expected"/>
    <testcase time="0.00500000000000034" classname="stat_km_compute" name="h_step_works_discards_NA_and_Inf_as_expected"/>
    <testcase time="0.00800000000000001" classname="stat_km_compute" name="stat_km_compute_works_as_expected"/>
    <testcase time="0.00199999999999978" classname="stat_km_compute" name="stat_km_compute_works_as_expected"/>
    <testcase time="0.00099999999999989" classname="stat_km_compute" name="stat_km_compute_works_as_expected"/>
    <testcase time="0.00200000000000022" classname="stat_km_compute" name="stat_km_compute_works_as_expected">
      <skipped message="Reason: On CRAN ('test-stat_km_compute.R:75:3')"/>
    </testcase>
    <testcase time="0.0179999999999998" classname="stat_km_compute" name="stat_km_ticks_compute_works_as_expected"/>
    <testcase time="0.00200000000000022" classname="stat_km_compute" name="stat_km_ticks_compute_works_as_expected"/>
    <testcase time="0.00099999999999989" classname="stat_km_compute" name="stat_km_ticks_compute_works_as_expected"/>
    <testcase time="0.00200000000000022" classname="stat_km_compute" name="stat_km_ticks_compute_works_as_expected">
      <skipped message="Reason: On CRAN ('test-stat_km_compute.R:84:3')"/>
    </testcase>
  </testsuite>
  <testsuite name="stat_km_ticks" timestamp="2023-06-20T12:08:45Z" hostname="32f5fdef1b6c" tests="4" skipped="0" failures="0" errors="0" time="0.052">
    <testcase time="0.024" classname="stat_km_ticks" name="stat_km_ticks_works_as_expected"/>
    <testcase time="0.00099999999999989" classname="stat_km_ticks" name="stat_km_ticks_works_as_expected"/>
    <testcase time="0.0249999999999999" classname="stat_km_ticks" name="stat_km_ticks_works_as_expected"/>
    <testcase time="0.00200000000000022" classname="stat_km_ticks" name="stat_km_ticks_works_as_expected"/>
  </testsuite>
  <testsuite name="stat_n_text" timestamp="2023-06-20T12:08:45Z" hostname="32f5fdef1b6c" tests="2" skipped="0" failures="0" errors="0" time="0.018">
    <testcase time="0.0169999999999999" classname="stat_n_text" name="stat_n_text_works_as_expected"/>
    <testcase time="0.00099999999999989" classname="stat_n_text" name="stat_n_text_works_as_expected"/>
  </testsuite>
  <testsuite name="stat_prop" timestamp="2023-06-20T12:08:45Z" hostname="32f5fdef1b6c" tests="2" skipped="0" failures="0" errors="0" time="0.022">
    <testcase time="0.02" classname="stat_prop" name="stat_prop_works_as_expected"/>
    <testcase time="0.00199999999999978" classname="stat_prop" name="stat_prop_works_as_expected"/>
  </testsuite>
  <testsuite name="table_themes" timestamp="2023-06-20T12:08:45Z" hostname="32f5fdef1b6c" tests="1" skipped="0" failures="0" errors="0" time="0.167">
    <testcase time="0.167" classname="table_themes" name="ttheme_set_works_as_expected_but_is_not_baked_into_objects"/>
  </testsuite>
  <testsuite name="ttheme_set" timestamp="2023-06-20T12:08:45Z" hostname="32f5fdef1b6c" tests="8" skipped="0" failures="0" errors="0" time="1.923">
    <testcase time="0.299" classname="ttheme_set" name="table_themes_can_be_used_and_work"/>
    <testcase time="0.226999999999999" classname="ttheme_set" name="table_themes_can_be_used_and_work"/>
    <testcase time="0.25" classname="ttheme_set" name="table_themes_can_be_used_and_work"/>
    <testcase time="0.227" classname="ttheme_set" name="table_themes_can_be_used_and_work"/>
    <testcase time="0.234999999999999" classname="ttheme_set" name="table_themes_can_be_used_and_work"/>
    <testcase time="0.233000000000001" classname="ttheme_set" name="table_themes_can_be_used_and_work"/>
    <testcase time="0.222" classname="ttheme_set" name="table_themes_can_be_used_and_work"/>
    <testcase time="0.23" classname="ttheme_set" name="table_themes_can_be_used_and_work"/>
  </testsuite>
</testsuites>
