<?xml version="1.0" encoding="UTF-8"?>
<testsuites>
  <testsuite name="geom_km" timestamp="2023-06-20T10:22:55Z" hostname="4f97b2a6b8aa" tests="6" skipped="2" failures="0" errors="0" time="0.676">
    <testcase time="0.0230000000000001" classname="geom_km" name="geom_km_works_as_expected"/>
    <testcase time="0.0189999999999999" classname="geom_km" name="geom_km_works_as_expected"/>
    <testcase time="0.107" classname="geom_km" name="geom_km_works_as_expected"/>
    <testcase time="0.00100000000000011" classname="geom_km" name="geom_km_works_as_expected"/>
    <testcase time="0.273" classname="geom_km" name="geom_km_looks_as_expected_for_a_single_group">
      <skipped message="Reason: On CRAN ('test-geom_km.R:19:3')"/>
    </testcase>
    <testcase time="0.253" classname="geom_km" name="geom_km_looks_as_expected_for_two_groups">
      <skipped message="Reason: On CRAN ('test-geom_km.R:24:3')"/>
    </testcase>
  </testsuite>
  <testsuite name="geom_km_ticks" timestamp="2023-06-20T10:22:56Z" hostname="4f97b2a6b8aa" tests="6" skipped="2" failures="0" errors="0" time="0.331">
    <testcase time="0.0630000000000002" classname="geom_km_ticks" name="geom_km_ticks_works_as_expected"/>
    <testcase time="0.00099999999999989" classname="geom_km_ticks" name="geom_km_ticks_works_as_expected"/>
    <testcase time="0.0209999999999999" classname="geom_km_ticks" name="geom_km_ticks_works_as_expected"/>
    <testcase time="0.00100000000000033" classname="geom_km_ticks" name="geom_km_ticks_works_as_expected"/>
    <testcase time="0.093" classname="geom_km_ticks" name="geom_km_ticks_looks_as_expected_for_a_single_group">
      <skipped message="Reason: On CRAN ('test-geom_km_ticks.R:20:3')"/>
    </testcase>
    <testcase time="0.152" classname="geom_km_ticks" name="geom_km_ticks_looks_as_expected_for_two_groups">
      <skipped message="Reason: On CRAN ('test-geom_km_ticks.R:25:3')"/>
    </testcase>
  </testsuite>
  <testsuite name="geom_table" timestamp="2023-06-20T10:22:56Z" hostname="4f97b2a6b8aa" tests="4" skipped="0" failures="0" errors="0" time="0.102">
    <testcase time="0.0820000000000003" classname="geom_table" name="geom_table_works_as_expected"/>
    <testcase time="0.00199999999999978" classname="geom_table" name="geom_table_works_as_expected"/>
    <testcase time="0.0170000000000003" classname="geom_table" name="geom_table_npc_works_as_expected"/>
    <testcase time="0.00099999999999989" classname="geom_table" name="geom_table_npc_works_as_expected"/>
  </testsuite>
  <testsuite name="stat_km" timestamp="2023-06-20T10:22:56Z" hostname="4f97b2a6b8aa" tests="4" skipped="0" failures="0" errors="0" time="0.034">
    <testcase time="0.0109999999999997" classname="stat_km" name="stat_km_works_as_expected"/>
    <testcase time="0.00100000000000033" classname="stat_km" name="stat_km_works_as_expected"/>
    <testcase time="0.02" classname="stat_km" name="stat_km_works_as_expected"/>
    <testcase time="0.00199999999999978" classname="stat_km" name="stat_km_works_as_expected"/>
  </testsuite>
  <testsuite name="stat_km_compute" timestamp="2023-06-20T10:22:56Z" hostname="4f97b2a6b8aa" tests="28" skipped="3" failures="0" errors="0" time="0.124">
    <testcase time="0.0100000000000002" classname="stat_km_compute" name="h_surv_fit_works_as_expected"/>
    <testcase time="0.00099999999999989" classname="stat_km_compute" name="h_surv_fit_works_as_expected"/>
    <testcase time="0.00099999999999989" classname="stat_km_compute" name="h_surv_fit_works_as_expected"/>
    <testcase time="0.00099999999999989" classname="stat_km_compute" name="h_surv_fit_works_as_expected"/>
    <testcase time="0.00100000000000033" classname="stat_km_compute" name="h_surv_fit_works_as_expected"/>
    <testcase time="0.0109999999999997" classname="stat_km_compute" name="h_surv_fit_works_as_expected"/>
    <testcase time="0.00200000000000022" classname="stat_km_compute" name="h_surv_fit_works_as_expected">
      <skipped message="Reason: On CRAN ('test-stat_km_compute.R:10:3')"/>
    </testcase>
    <testcase time="0.0150000000000001" classname="stat_km_compute" name="h_surv_fit_also_works_when_there_is_only_a_single_observation"/>
    <testcase time="0.004" classname="stat_km_compute" name="h_surv_fit_also_works_when_there_is_only_a_single_observation"/>
    <testcase time="0.004" classname="stat_km_compute" name="h_surv_fit_also_works_when_there_is_only_a_single_observation"/>
    <testcase time="0.00499999999999989" classname="stat_km_compute" name="h_step_returns_NULL_as_expected_when_no_finite_values_exist"/>
    <testcase time="0.004" classname="stat_km_compute" name="h_step_returns_NULL_as_expected_when_no_finite_values_exist"/>
    <testcase time="0.00499999999999989" classname="stat_km_compute" name="h_step_works_as_expected_for_length_1"/>
    <testcase time="0.004" classname="stat_km_compute" name="h_step_works_as_expected_for_length_1"/>
    <testcase time="0.00499999999999989" classname="stat_km_compute" name="h_step_works_as_expected_for_length_2"/>
    <testcase time="0.004" classname="stat_km_compute" name="h_step_works_as_expected_for_length_2"/>
    <testcase time="0.00500000000000034" classname="stat_km_compute" name="h_step_works_as_expected_for_longer_vectors_with_plateaus"/>
    <testcase time="0.004" classname="stat_km_compute" name="h_step_works_as_expected_for_longer_vectors_with_plateaus"/>
    <testcase time="0.00499999999999989" classname="stat_km_compute" name="h_step_works_discards_NA_and_Inf_as_expected"/>
    <testcase time="0.004" classname="stat_km_compute" name="h_step_works_discards_NA_and_Inf_as_expected"/>
    <testcase time="0.00599999999999978" classname="stat_km_compute" name="stat_km_compute_works_as_expected"/>
    <testcase time="0.00200000000000022" classname="stat_km_compute" name="stat_km_compute_works_as_expected"/>
    <testcase time="0.00099999999999989" classname="stat_km_compute" name="stat_km_compute_works_as_expected"/>
    <testcase time="0.00199999999999978" classname="stat_km_compute" name="stat_km_compute_works_as_expected">
      <skipped message="Reason: On CRAN ('test-stat_km_compute.R:75:3')"/>
    </testcase>
    <testcase time="0.0150000000000001" classname="stat_km_compute" name="stat_km_ticks_compute_works_as_expected"/>
    <testcase time="0.00099999999999989" classname="stat_km_compute" name="stat_km_ticks_compute_works_as_expected"/>
    <testcase time="0.00100000000000033" classname="stat_km_compute" name="stat_km_ticks_compute_works_as_expected"/>
    <testcase time="0.00099999999999989" classname="stat_km_compute" name="stat_km_ticks_compute_works_as_expected">
      <skipped message="Reason: On CRAN ('test-stat_km_compute.R:84:3')"/>
    </testcase>
  </testsuite>
  <testsuite name="stat_km_ticks" timestamp="2023-06-20T10:22:56Z" hostname="4f97b2a6b8aa" tests="4" skipped="0" failures="0" errors="0" time="0.043">
    <testcase time="0.0190000000000001" classname="stat_km_ticks" name="stat_km_ticks_works_as_expected"/>
    <testcase time="0.00099999999999989" classname="stat_km_ticks" name="stat_km_ticks_works_as_expected"/>
    <testcase time="0.0220000000000002" classname="stat_km_ticks" name="stat_km_ticks_works_as_expected"/>
    <testcase time="0.00099999999999989" classname="stat_km_ticks" name="stat_km_ticks_works_as_expected"/>
  </testsuite>
  <testsuite name="stat_n_text" timestamp="2023-06-20T10:22:56Z" hostname="4f97b2a6b8aa" tests="2" skipped="0" failures="0" errors="0" time="0.015">
    <testcase time="0.0139999999999998" classname="stat_n_text" name="stat_n_text_works_as_expected"/>
    <testcase time="0.00100000000000033" classname="stat_n_text" name="stat_n_text_works_as_expected"/>
  </testsuite>
  <testsuite name="stat_prop" timestamp="2023-06-20T10:22:56Z" hostname="4f97b2a6b8aa" tests="2" skipped="0" failures="0" errors="0" time="0.018">
    <testcase time="0.0169999999999999" classname="stat_prop" name="stat_prop_works_as_expected"/>
    <testcase time="0.00099999999999989" classname="stat_prop" name="stat_prop_works_as_expected"/>
  </testsuite>
  <testsuite name="table_themes" timestamp="2023-06-20T10:22:56Z" hostname="4f97b2a6b8aa" tests="1" skipped="0" failures="0" errors="0" time="0.142">
    <testcase time="0.142" classname="table_themes" name="ttheme_set_works_as_expected_but_is_not_baked_into_objects"/>
  </testsuite>
  <testsuite name="ttheme_set" timestamp="2023-06-20T10:22:56Z" hostname="4f97b2a6b8aa" tests="8" skipped="0" failures="0" errors="0" time="1.608">
    <testcase time="0.251" classname="ttheme_set" name="table_themes_can_be_used_and_work"/>
    <testcase time="0.193" classname="ttheme_set" name="table_themes_can_be_used_and_work"/>
    <testcase time="0.21" classname="ttheme_set" name="table_themes_can_be_used_and_work"/>
    <testcase time="0.186" classname="ttheme_set" name="table_themes_can_be_used_and_work"/>
    <testcase time="0.192" classname="ttheme_set" name="table_themes_can_be_used_and_work"/>
    <testcase time="0.194999999999999" classname="ttheme_set" name="table_themes_can_be_used_and_work"/>
    <testcase time="0.187" classname="ttheme_set" name="table_themes_can_be_used_and_work"/>
    <testcase time="0.194" classname="ttheme_set" name="table_themes_can_be_used_and_work"/>
  </testsuite>
</testsuites>
