<?xml version="1.0" encoding="UTF-8"?>
<testsuites>
  <testsuite name="geom_km" timestamp="2024-09-16T14:47:41Z" hostname="87b96855431b" tests="6" skipped="0" failures="0" errors="0" time="0.51">
    <testcase time="0.018" classname="geom_km" name="geom_km_works_as_expected"/>
    <testcase time="0.0209999999999999" classname="geom_km" name="geom_km_works_as_expected"/>
    <testcase time="0.0429999999999999" classname="geom_km" name="geom_km_works_as_expected"/>
    <testcase time="0.00100000000000011" classname="geom_km" name="geom_km_works_as_expected"/>
    <testcase time="0.264" classname="geom_km" name="geom_km_looks_as_expected_for_a_single_group"/>
    <testcase time="0.163" classname="geom_km" name="geom_km_looks_as_expected_for_two_groups"/>
  </testsuite>
  <testsuite name="geom_km_ticks" timestamp="2024-09-16T14:47:41Z" hostname="87b96855431b" tests="6" skipped="0" failures="0" errors="0" time="0.307">
    <testcase time="0.0169999999999999" classname="geom_km_ticks" name="geom_km_ticks_works_as_expected"/>
    <testcase time="0.00099999999999989" classname="geom_km_ticks" name="geom_km_ticks_works_as_expected"/>
    <testcase time="0.024" classname="geom_km_ticks" name="geom_km_ticks_works_as_expected"/>
    <testcase time="0.002" classname="geom_km_ticks" name="geom_km_ticks_works_as_expected"/>
    <testcase time="0.0740000000000001" classname="geom_km_ticks" name="geom_km_ticks_looks_as_expected_for_a_single_group"/>
    <testcase time="0.189" classname="geom_km_ticks" name="geom_km_ticks_looks_as_expected_for_two_groups"/>
  </testsuite>
  <testsuite name="geom_table" timestamp="2024-09-16T14:47:41Z" hostname="87b96855431b" tests="4" skipped="0" failures="0" errors="0" time="0.056">
    <testcase time="0.0419999999999998" classname="geom_table" name="geom_table_works_as_expected"/>
    <testcase time="0.00099999999999989" classname="geom_table" name="geom_table_works_as_expected"/>
    <testcase time="0.012" classname="geom_table" name="geom_table_npc_works_as_expected"/>
    <testcase time="0.00100000000000033" classname="geom_table" name="geom_table_npc_works_as_expected"/>
  </testsuite>
  <testsuite name="stat_km" timestamp="2024-09-16T14:47:41Z" hostname="87b96855431b" tests="4" skipped="0" failures="0" errors="0" time="0.028">
    <testcase time="0.00800000000000001" classname="stat_km" name="stat_km_works_as_expected"/>
    <testcase time="0.00099999999999989" classname="stat_km" name="stat_km_works_as_expected"/>
    <testcase time="0.0179999999999998" classname="stat_km" name="stat_km_works_as_expected"/>
    <testcase time="0.00100000000000033" classname="stat_km" name="stat_km_works_as_expected"/>
  </testsuite>
  <testsuite name="stat_km_compute" timestamp="2024-09-16T14:47:41Z" hostname="87b96855431b" tests="18" skipped="0" failures="0" errors="0" time="0.122">
    <testcase time="0.00699999999999967" classname="stat_km_compute" name="h_surv_fit_works_as_expected"/>
    <testcase time="0.00099999999999989" classname="stat_km_compute" name="h_surv_fit_works_as_expected"/>
    <testcase time="0" classname="stat_km_compute" name="h_surv_fit_works_as_expected"/>
    <testcase time="0.00099999999999989" classname="stat_km_compute" name="h_surv_fit_works_as_expected"/>
    <testcase time="0.00099999999999989" classname="stat_km_compute" name="h_surv_fit_works_as_expected"/>
    <testcase time="0.00300000000000011" classname="stat_km_compute" name="h_surv_fit_works_as_expected"/>
    <testcase time="0.0180000000000002" classname="stat_km_compute" name="h_surv_fit_works_as_expected"/>
    <testcase time="0.00599999999999978" classname="stat_km_compute" name="h_surv_fit_also_works_when_there_is_only_a_single_observation"/>
    <testcase time="0.00200000000000022" classname="stat_km_compute" name="h_surv_fit_also_works_when_there_is_only_a_single_observation"/>
    <testcase time="0.00299999999999967" classname="stat_km_compute" name="h_surv_fit_also_works_when_there_is_only_a_single_observation"/>
    <testcase time="0.00500000000000034" classname="stat_km_compute" name="stat_km_compute_works_as_expected"/>
    <testcase time="0.00099999999999989" classname="stat_km_compute" name="stat_km_compute_works_as_expected"/>
    <testcase time="0.00099999999999989" classname="stat_km_compute" name="stat_km_compute_works_as_expected"/>
    <testcase time="0.036" classname="stat_km_compute" name="stat_km_compute_works_as_expected"/>
    <testcase time="0.00599999999999978" classname="stat_km_compute" name="stat_km_ticks_compute_works_as_expected"/>
    <testcase time="0.00100000000000033" classname="stat_km_compute" name="stat_km_ticks_compute_works_as_expected"/>
    <testcase time="0.00099999999999989" classname="stat_km_compute" name="stat_km_ticks_compute_works_as_expected"/>
    <testcase time="0.0289999999999999" classname="stat_km_compute" name="stat_km_ticks_compute_works_as_expected"/>
  </testsuite>
  <testsuite name="stat_km_ticks" timestamp="2024-09-16T14:47:42Z" hostname="87b96855431b" tests="4" skipped="0" failures="0" errors="0" time="0.033">
    <testcase time="0.0089999999999999" classname="stat_km_ticks" name="stat_km_ticks_works_as_expected"/>
    <testcase time="0.00100000000000033" classname="stat_km_ticks" name="stat_km_ticks_works_as_expected"/>
    <testcase time="0.0209999999999999" classname="stat_km_ticks" name="stat_km_ticks_works_as_expected"/>
    <testcase time="0.00199999999999978" classname="stat_km_ticks" name="stat_km_ticks_works_as_expected"/>
  </testsuite>
  <testsuite name="stat_n_text" timestamp="2024-09-16T14:47:42Z" hostname="87b96855431b" tests="2" skipped="0" failures="0" errors="0" time="0.012">
    <testcase time="0.0110000000000001" classname="stat_n_text" name="stat_n_text_works_as_expected"/>
    <testcase time="0.00099999999999989" classname="stat_n_text" name="stat_n_text_works_as_expected"/>
  </testsuite>
  <testsuite name="stat_prop" timestamp="2024-09-16T14:47:42Z" hostname="87b96855431b" tests="2" skipped="0" failures="0" errors="0" time="0.014">
    <testcase time="0.0130000000000003" classname="stat_prop" name="stat_prop_works_as_expected"/>
    <testcase time="0.00099999999999989" classname="stat_prop" name="stat_prop_works_as_expected"/>
  </testsuite>
  <testsuite name="table_themes" timestamp="2024-09-16T14:47:42Z" hostname="87b96855431b" tests="1" skipped="0" failures="0" errors="0" time="0.127">
    <testcase time="0.127" classname="table_themes" name="ttheme_set_works_as_expected_but_is_not_baked_into_objects"/>
  </testsuite>
  <testsuite name="ttheme_set" timestamp="2024-09-16T14:47:42Z" hostname="87b96855431b" tests="8" skipped="0" failures="0" errors="0" time="0.969">
    <testcase time="0.159" classname="ttheme_set" name="table_themes_can_be_used_and_work"/>
    <testcase time="0.117" classname="ttheme_set" name="table_themes_can_be_used_and_work"/>
    <testcase time="0.112" classname="ttheme_set" name="table_themes_can_be_used_and_work"/>
    <testcase time="0.127" classname="ttheme_set" name="table_themes_can_be_used_and_work"/>
    <testcase time="0.111" classname="ttheme_set" name="table_themes_can_be_used_and_work"/>
    <testcase time="0.115" classname="ttheme_set" name="table_themes_can_be_used_and_work"/>
    <testcase time="0.115" classname="ttheme_set" name="table_themes_can_be_used_and_work"/>
    <testcase time="0.113" classname="ttheme_set" name="table_themes_can_be_used_and_work"/>
  </testsuite>
</testsuites>
